Unity Editor version:    2021.3.20f1 (577897200b8b)
Branch:                  2021.3/staging
Build type:              Release
Batch mode:              YES
macOS version:           Version 13.2.1 (Build 22D68)
Darwin version:          22.3.0
Architecture:            arm64
Running under Rosetta:   NO
Available memory:        16384 MB
Using pre-set license
Pro License: YES

COMMAND LINE ARGUMENTS:
/Users/erin/Desktop/2021.3.20f1/Unity.app/Contents/MacOS/Unity
-adb2
-batchMode
-noUpm
-name
AssetImportWorker1
-projectPath
/Users/erin/484Project
-logFile
Logs/AssetImportWorker1.log
-srvPort
57194
Successfully changed project path to: /Users/erin/484Project
/Users/erin/484Project
[UnityMemory] Configuration Parameters - Can be set up in boot.config
    "memorysetup-bucket-allocator-granularity=16"
    "memorysetup-bucket-allocator-bucket-count=8"
    "memorysetup-bucket-allocator-block-size=33554432"
    "memorysetup-bucket-allocator-block-count=8"
    "memorysetup-main-allocator-block-size=16777216"
    "memorysetup-thread-allocator-block-size=16777216"
    "memorysetup-gfx-main-allocator-block-size=16777216"
    "memorysetup-gfx-thread-allocator-block-size=16777216"
    "memorysetup-cache-allocator-block-size=4194304"
    "memorysetup-typetree-allocator-block-size=2097152"
    "memorysetup-profiler-bucket-allocator-granularity=16"
    "memorysetup-profiler-bucket-allocator-bucket-count=8"
    "memorysetup-profiler-bucket-allocator-block-size=33554432"
    "memorysetup-profiler-bucket-allocator-block-count=8"
    "memorysetup-profiler-allocator-block-size=16777216"
    "memorysetup-profiler-editor-allocator-block-size=1048576"
    "memorysetup-temp-allocator-size-main=16777216"
    "memorysetup-job-temp-allocator-block-size=2097152"
    "memorysetup-job-temp-allocator-block-size-background=1048576"
    "memorysetup-job-temp-allocator-reduction-small-platforms=262144"
    "memorysetup-temp-allocator-size-background-worker=32768"
    "memorysetup-temp-allocator-size-job-worker=262144"
    "memorysetup-temp-allocator-size-preload-manager=33554432"
    "memorysetup-temp-allocator-size-nav-mesh-worker=65536"
    "memorysetup-temp-allocator-size-audio-worker=65536"
    "memorysetup-temp-allocator-size-cloud-worker=32768"
    "memorysetup-temp-allocator-size-gi-baking-worker=262144"
    "memorysetup-temp-allocator-size-gfx=262144"
Player connection [8078377280] Host "[IP] 192.168.1.213 [Port] 0 [Flags] 2 [Guid] 609809260 [EditorId] 609809260 [Version] 1048832 [Id] OSXEditor(0,MacBook-Pro.lan1) [Debug] 1 [PackageName] OSXEditor [ProjectName] Editor" joined multi-casting on [225.0.0.222:54997]...

Player connection [8078377280] Host "[IP] 192.168.1.213 [Port] 0 [Flags] 2 [Guid] 609809260 [EditorId] 609809260 [Version] 1048832 [Id] OSXEditor(0,MacBook-Pro.lan1) [Debug] 1 [PackageName] OSXEditor [ProjectName] Editor" joined alternative multi-casting on [225.0.0.222:34997]...

Refreshing native plugins compatible for Editor in 77.85 ms, found 3 plugins.
Preloading 1 native plugins for Editor in 3.70 ms.
Initialize engine version: 2021.3.20f1 (577897200b8b)
[Subsystems] Discovering subsystems at path /Users/erin/Desktop/2021.3.20f1/Unity.app/Contents/Resources/UnitySubsystems
[Subsystems] Discovering subsystems at path /Users/erin/484Project/Assets
GfxDevice: creating device client; threaded=0; jobified=0
 preferred device: Apple M2 (high power)
Metal devices available: 1
0: Apple M2 (high power)
Using device Apple M2 (high power)
Initializing Metal device caps: Apple M2
Initialize mono
Mono path[0] = '/Users/erin/Desktop/2021.3.20f1/Unity.app/Contents/Managed'
Mono path[1] = '/Users/erin/Desktop/2021.3.20f1/Unity.app/Contents/MonoBleedingEdge/lib/mono/unityjit-macos'
Mono config path = '/Users/erin/Desktop/2021.3.20f1/Unity.app/Contents/MonoBleedingEdge/etc'
Using monoOptions --debugger-agent=transport=dt_socket,embedding=1,server=y,suspend=n,address=127.0.0.1:56896
Begin MonoManager ReloadAssembly
Registering precompiled unity dll's ...
Register platform support module: /Users/erin/Desktop/2021.3.20f1/PlaybackEngines/WebGLSupport/UnityEditor.WebGL.Extensions.dll
Register platform support module: /Users/erin/Desktop/2021.3.20f1/Unity.app/Contents/PlaybackEngines/MacStandaloneSupport/UnityEditor.OSXStandalone.Extensions.dll
Register platform support module: /Users/erin/Desktop/2021.3.20f1/PlaybackEngines/AndroidPlayer/UnityEditor.Android.Extensions.dll
Registered in 0.002702 seconds.
Native extension for Android target not found
Android Extension - Scanning For ADB Devices 70 ms
Native extension for OSXStandalone target not found
Native extension for WebGL target not found
Refreshing native plugins compatible for Editor in 63.92 ms, found 3 plugins.
Preloading 1 native plugins for Editor in 0.19 ms.
Mono: successfully reloaded assembly
- Completed reload, in  0.450 seconds
Domain Reload Profiling:
	ReloadAssembly (451ms)
		BeginReloadAssembly (60ms)
			ExecutionOrderSort (0ms)
			DisableScriptedObjects (0ms)
			BackupInstance (0ms)
			ReleaseScriptingObjects (0ms)
			CreateAndSetChildDomain (0ms)
		EndReloadAssembly (337ms)
			LoadAssemblies (61ms)
			RebuildTransferFunctionScriptingTraits (0ms)
			SetupTypeCache (63ms)
			ReleaseScriptCaches (0ms)
			RebuildScriptCaches (17ms)
			SetupLoadedEditorAssemblies (233ms)
				LogAssemblyErrors (0ms)
				InitializePlatformSupportModulesInManaged (110ms)
				SetLoadedEditorAssemblies (0ms)
				RefreshPlugins (64ms)
				BeforeProcessingInitializeOnLoad (1ms)
				ProcessInitializeOnLoadAttributes (38ms)
				ProcessInitializeOnLoadMethodAttributes (19ms)
				AfterProcessingInitializeOnLoad (0ms)
				EditorAssembliesLoaded (0ms)
			ExecutionOrderSort2 (0ms)
			AwakeInstancesAfterBackupRestoration (0ms)
Platform modules already initialized, skipping
Registering precompiled user dll's ...
Registered in 0.006910 seconds.
Begin MonoManager ReloadAssembly
Symbol file LoadedFromMemory doesn't match image /Users/erin/484Project/Library/PackageCache/com.unity.visualscripting@1.8.0/Editor/VisualScripting.Core/Dependencies/DotNetZip/Unity.VisualScripting.IonicZip.dll
Symbol file LoadedFromMemory doesn't match image /Users/erin/484Project/Library/PackageCache/com.unity.visualscripting@1.8.0/Editor/VisualScripting.Core/Dependencies/YamlDotNet/Unity.VisualScripting.YamlDotNet.dll
Native extension for Android target not found
Native extension for OSXStandalone target not found
Native extension for WebGL target not found
Refreshing native plugins compatible for Editor in 62.26 ms, found 3 plugins.
Preloading 1 native plugins for Editor in 0.16 ms.
Package Manager log level set to [2]
Mono: successfully reloaded assembly
- Completed reload, in  0.667 seconds
Domain Reload Profiling:
	ReloadAssembly (668ms)
		BeginReloadAssembly (56ms)
			ExecutionOrderSort (0ms)
			DisableScriptedObjects (3ms)
			BackupInstance (0ms)
			ReleaseScriptingObjects (0ms)
			CreateAndSetChildDomain (15ms)
		EndReloadAssembly (554ms)
			LoadAssemblies (60ms)
			RebuildTransferFunctionScriptingTraits (0ms)
			SetupTypeCache (166ms)
			ReleaseScriptCaches (0ms)
			RebuildScriptCaches (36ms)
			SetupLoadedEditorAssemblies (260ms)
				LogAssemblyErrors (0ms)
				InitializePlatformSupportModulesInManaged (8ms)
				SetLoadedEditorAssemblies (0ms)
				RefreshPlugins (62ms)
				BeforeProcessingInitializeOnLoad (51ms)
				ProcessInitializeOnLoadAttributes (128ms)
				ProcessInitializeOnLoadMethodAttributes (10ms)
				AfterProcessingInitializeOnLoad (1ms)
				EditorAssembliesLoaded (0ms)
			ExecutionOrderSort2 (0ms)
			AwakeInstancesAfterBackupRestoration (2ms)
Platform modules already initialized, skipping
========================================================================
Worker process is ready to serve import requests
Launching external process: /Users/erin/Desktop/2021.3.20f1/Unity.app/Contents/Tools/UnityShaderCompiler
Launched and connected shader compiler UnityShaderCompiler after 0.05 seconds
Refreshing native plugins compatible for Editor in 0.53 ms, found 3 plugins.
Preloading 1 native plugins for Editor in 0.16 ms.
Unloading 4125 Unused Serialized files (Serialized files now loaded: 0)
Unloading 52 unused Assets / (85.7 KB). Loaded Objects now: 4565.
Memory consumption went from 139.7 MB to 139.6 MB.
Total: 2.394875 ms (FindLiveObjects: 0.139875 ms CreateObjectMapping: 0.066375 ms MarkObjects: 2.123292 ms  DeleteObjects: 0.064833 ms)

AssetImportParameters requested are different than current active one (requested -> active):
  custom:video-decoder-ogg-theora: a1e56fd34408186e4bbccfd4996cb3dc -> 
  custom:container-muxer-webm: aa71ff27fc2769a1b78a27578f13a17b -> 
  custom:container-demuxer-webm: 4f35f7cbe854078d1ac9338744f61a02 -> 
  custom:video-encoder-webm-vp8: eb34c28f22e8b96e1ab97ce403110664 -> 
  custom:framework-osx-AVFoundation: e770b220cccbd017edd2c1fefb359320 -> 
  custom:audio-encoder-webm-vorbis: bf7c407c2cedff20999df2af8eb42d56 -> 
  custom:container-demuxer-ogg: 62fdf1f143b41e24485cea50d1cbac27 -> 
  custom:video-decoder-webm-vp8: 9c59270c3fd7afecdb556c50c9e8de78 -> 
  custom:audio-decoder-ogg-vorbis: bf7c407c2cedff20999df2af8eb42d56 -> 
========================================================================
Received Import Request.
  Time since last request: 137916.753978 seconds.
  path: Assets/ExampleAssets/Prefabs/XRControllerLeft.prefab
  artifactKey: Guid(5b158b94c373d4b4f9e98cdb92789343) Importer(815301076,1909f56bfc062723c751e8b465ee728b)
Start importing Assets/ExampleAssets/Prefabs/XRControllerLeft.prefab using Guid(5b158b94c373d4b4f9e98cdb92789343) Importer(815301076,1909f56bfc062723c751e8b465ee728b)  -> (artifact id: '3ce76c5eb455110b37a1d8bc54ca6912') in 0.096224 seconds 
========================================================================
Received Import Request.
  Time since last request: 0.000053 seconds.
  path: Assets/ExampleAssets/Textures/Grid_Light_512x512.png
  artifactKey: Guid(a5888ab2610a91d40a5deefc40b7bfe4) Importer(815301076,1909f56bfc062723c751e8b465ee728b)
Start importing Assets/ExampleAssets/Textures/Grid_Light_512x512.png using Guid(a5888ab2610a91d40a5deefc40b7bfe4) Importer(815301076,1909f56bfc062723c751e8b465ee728b)  -> (artifact id: '5160f64bb7067814f515b2b69309cf2a') in 0.057251 seconds 
========================================================================
Received Import Request.
  Time since last request: 0.000033 seconds.
  path: Assets/ExampleAssets/Models/XRControllerLeft.fbx
  artifactKey: Guid(e48d18018a0ba46c283d9fd9c227e578) Importer(815301076,1909f56bfc062723c751e8b465ee728b)
Start importing Assets/ExampleAssets/Models/XRControllerLeft.fbx using Guid(e48d18018a0ba46c283d9fd9c227e578) Importer(815301076,1909f56bfc062723c751e8b465ee728b)  -> (artifact id: '1435badad173f8211014e4f7628bad7f') in 0.172654 seconds 
========================================================================
Received Import Request.
  Time since last request: 459.292064 seconds.
  path: Assets/Free/Wooden Floor Pack/Materials/Wooden Floor 3.mat
  artifactKey: Guid(bf276f53291eddb4d9053d2ae81ca063) Importer(815301076,1909f56bfc062723c751e8b465ee728b)
Start importing Assets/Free/Wooden Floor Pack/Materials/Wooden Floor 3.mat using Guid(bf276f53291eddb4d9053d2ae81ca063) Importer(815301076,1909f56bfc062723c751e8b465ee728b)  -> (artifact id: '7fc8d7840ba55f17ef15598f21b4cada') in 0.320678 seconds 
========================================================================
Received Import Request.
  Time since last request: 0.000030 seconds.
  path: Assets/Free/Wooden Floor Pack/Materials/Wooden Floor.mat
  artifactKey: Guid(5de9b7ba7a360b7409c89428c77dd241) Importer(815301076,1909f56bfc062723c751e8b465ee728b)
Start importing Assets/Free/Wooden Floor Pack/Materials/Wooden Floor.mat using Guid(5de9b7ba7a360b7409c89428c77dd241) Importer(815301076,1909f56bfc062723c751e8b465ee728b)  -> (artifact id: '4b76941689ddd08555969c64ddc313e4') in 0.012964 seconds 
========================================================================
Received Import Request.
  Time since last request: 12.190057 seconds.
  path: Assets/Free/Wooden Floor Pack/Textures/Wooden Floor/Wooden Floor_4K_Displacement.tga
  artifactKey: Guid(d0340bf4adec4614190161165489af27) Importer(815301076,1909f56bfc062723c751e8b465ee728b)
Start importing Assets/Free/Wooden Floor Pack/Textures/Wooden Floor/Wooden Floor_4K_Displacement.tga using Guid(d0340bf4adec4614190161165489af27) Importer(815301076,1909f56bfc062723c751e8b465ee728b)  -> (artifact id: '27553a959e5a57f15c8307ca003e5489') in 0.498235 seconds 
========================================================================
Received Import Request.
  Time since last request: 0.000049 seconds.
  path: Assets/Free/Wooden Floor Pack/Textures/Wooden Floor/Wooden Floor_4K_Metalness.tga
  artifactKey: Guid(7e834f07a4703ef43bc7966cfb2b793b) Importer(815301076,1909f56bfc062723c751e8b465ee728b)
Start importing Assets/Free/Wooden Floor Pack/Textures/Wooden Floor/Wooden Floor_4K_Metalness.tga using Guid(7e834f07a4703ef43bc7966cfb2b793b) Importer(815301076,1909f56bfc062723c751e8b465ee728b)  -> (artifact id: 'be4932d52aaa77bc27a3333c3d83d895') in 0.009075 seconds 
========================================================================
Received Import Request.
  Time since last request: 0.000030 seconds.
  path: Assets/Free/Wooden Floor Pack/Textures/Wooden Floor/Wooden Floor_4K_Roughness.tga
  artifactKey: Guid(7136ec304def3064fb21aa4ba8a0502e) Importer(815301076,1909f56bfc062723c751e8b465ee728b)
Start importing Assets/Free/Wooden Floor Pack/Textures/Wooden Floor/Wooden Floor_4K_Roughness.tga using Guid(7136ec304def3064fb21aa4ba8a0502e) Importer(815301076,1909f56bfc062723c751e8b465ee728b)  -> (artifact id: 'e23a18a5eae308aa496aff763229870a') in 0.008059 seconds 
========================================================================
Received Import Request.
  Time since last request: 282.743172 seconds.
  path: Assets/Free/Wooden Floor Pack/Textures/Wooden Floor2/Wooden Floor2_4K_Displacement.tga
  artifactKey: Guid(079f5a1f3a99b5b45b859abf658a294d) Importer(815301076,1909f56bfc062723c751e8b465ee728b)
Start importing Assets/Free/Wooden Floor Pack/Textures/Wooden Floor2/Wooden Floor2_4K_Displacement.tga using Guid(079f5a1f3a99b5b45b859abf658a294d) Importer(815301076,1909f56bfc062723c751e8b465ee728b)  -> (artifact id: 'e29dc71b66ae988f9dc05c122310047a') in 0.014704 seconds 
========================================================================
Received Import Request.
  Time since last request: 0.000066 seconds.
  path: Assets/Free/Wooden Floor Pack/Textures/Wooden Floor2/Wooden Floor2_4K_Metalness.tga
  artifactKey: Guid(c7e63f17374c41f408fcb8b7db64cdeb) Importer(815301076,1909f56bfc062723c751e8b465ee728b)
Start importing Assets/Free/Wooden Floor Pack/Textures/Wooden Floor2/Wooden Floor2_4K_Metalness.tga using Guid(c7e63f17374c41f408fcb8b7db64cdeb) Importer(815301076,1909f56bfc062723c751e8b465ee728b)  -> (artifact id: '05fcc1df4da8166c41ccfacb47462d3e') in 0.007805 seconds 
========================================================================
Received Import Request.
  Time since last request: 0.000083 seconds.
  path: Assets/Free/Wooden Floor Pack/Textures/Wooden Floor2/Wooden Floor2_4K_Roughness.tga
  artifactKey: Guid(3ae19a12eaa045b4eaaf1bb32fe82f2e) Importer(815301076,1909f56bfc062723c751e8b465ee728b)
Start importing Assets/Free/Wooden Floor Pack/Textures/Wooden Floor2/Wooden Floor2_4K_Roughness.tga using Guid(3ae19a12eaa045b4eaaf1bb32fe82f2e) Importer(815301076,1909f56bfc062723c751e8b465ee728b)  -> (artifact id: '51e5dd819ba5ee4358f9afddf1a16def') in 0.006986 seconds 
========================================================================
Received Import Request.
  Time since last request: 2.475077 seconds.
  path: Assets/Free/Wooden Floor Pack/Textures/Wooden Floor3/Wooden Floor3_4K_Displacement.tga
  artifactKey: Guid(8a59b28ce306daf44b8e6531e8e53f11) Importer(815301076,1909f56bfc062723c751e8b465ee728b)
Start importing Assets/Free/Wooden Floor Pack/Textures/Wooden Floor3/Wooden Floor3_4K_Displacement.tga using Guid(8a59b28ce306daf44b8e6531e8e53f11) Importer(815301076,1909f56bfc062723c751e8b465ee728b)  -> (artifact id: '4917ae8e367612a8b56cfc1c6778e3fa') in 0.012881 seconds 
========================================================================
Received Import Request.
  Time since last request: 0.000051 seconds.
  path: Assets/Free/Wooden Floor Pack/Textures/Wooden Floor3/Wooden Floor3_4K_Normal.tga
  artifactKey: Guid(80316b94a51a50e4785eae051a18d94e) Importer(815301076,1909f56bfc062723c751e8b465ee728b)
Start importing Assets/Free/Wooden Floor Pack/Textures/Wooden Floor3/Wooden Floor3_4K_Normal.tga using Guid(80316b94a51a50e4785eae051a18d94e) Importer(815301076,1909f56bfc062723c751e8b465ee728b)  -> (artifact id: '1845cf6c72cfd34b700d3f95ec4809ca') in 0.021570 seconds 
========================================================================
Received Import Request.
  Time since last request: 0.000035 seconds.
  path: Assets/Free/Wooden Floor Pack/Textures/Wooden Floor3/Wooden Floor3_4K_Metalness.tga
  artifactKey: Guid(36c2df656dfdf7948b5885811812fff8) Importer(815301076,1909f56bfc062723c751e8b465ee728b)
Start importing Assets/Free/Wooden Floor Pack/Textures/Wooden Floor3/Wooden Floor3_4K_Metalness.tga using Guid(36c2df656dfdf7948b5885811812fff8) Importer(815301076,1909f56bfc062723c751e8b465ee728b)  -> (artifact id: '9ccf1af72e7fef1ae7c266bd70c42408') in 0.008553 seconds 
========================================================================
Received Import Request.
  Time since last request: 1.254113 seconds.
  path: Assets/Free/Wooden Floor Pack/Textures/Wooden Floor4/Wooden Floor4_4K_Displacement.tga
  artifactKey: Guid(9a478dfa131391244bd62cd135ac12be) Importer(815301076,1909f56bfc062723c751e8b465ee728b)
Start importing Assets/Free/Wooden Floor Pack/Textures/Wooden Floor4/Wooden Floor4_4K_Displacement.tga using Guid(9a478dfa131391244bd62cd135ac12be) Importer(815301076,1909f56bfc062723c751e8b465ee728b)  -> (artifact id: '885d84c68e05209446ebeeb98d93a6d8') in 0.015237 seconds 
========================================================================
Received Import Request.
  Time since last request: 0.000065 seconds.
  path: Assets/Free/Wooden Floor Pack/Textures/Wooden Floor4/Wooden Floor4_4K_Metalness.tga
  artifactKey: Guid(1dbfa30004b30934f9e03f8fb3d0176e) Importer(815301076,1909f56bfc062723c751e8b465ee728b)
Start importing Assets/Free/Wooden Floor Pack/Textures/Wooden Floor4/Wooden Floor4_4K_Metalness.tga using Guid(1dbfa30004b30934f9e03f8fb3d0176e) Importer(815301076,1909f56bfc062723c751e8b465ee728b)  -> (artifact id: '5a734a3b77d37a9bbf099328bcce15a1') in 0.009516 seconds 
========================================================================
Received Import Request.
  Time since last request: 0.000050 seconds.
  path: Assets/Free/Wooden Floor Pack/Textures/Wooden Floor4/Wooden Floor4_4K_Gloss.tga
  artifactKey: Guid(67f59a705419b6d4398949b648d6b242) Importer(815301076,1909f56bfc062723c751e8b465ee728b)
Start importing Assets/Free/Wooden Floor Pack/Textures/Wooden Floor4/Wooden Floor4_4K_Gloss.tga using Guid(67f59a705419b6d4398949b648d6b242) Importer(815301076,1909f56bfc062723c751e8b465ee728b)  -> (artifact id: '90cb1a151b8eac46f8261595a5cbb55b') in 0.008573 seconds 
========================================================================
Received Import Request.
  Time since last request: 564.794907 seconds.
  path: Assets/Room/Materials/Concrete wall smooth pillar texture.mat
  artifactKey: Guid(d8e93e93675e6054ba325475d626aaca) Importer(815301076,1909f56bfc062723c751e8b465ee728b)
Start importing Assets/Room/Materials/Concrete wall smooth pillar texture.mat using Guid(d8e93e93675e6054ba325475d626aaca) Importer(815301076,1909f56bfc062723c751e8b465ee728b)  -> (artifact id: '2ad18dece96c01aa86201089bdc2dbe9') in 0.008942 seconds 
========================================================================
Received Import Request.
  Time since last request: 0.000043 seconds.
  path: Assets/Room/Materials/New Material.mat
  artifactKey: Guid(e49591f711e327749bdcda233ddb5739) Importer(815301076,1909f56bfc062723c751e8b465ee728b)
Start importing Assets/Room/Materials/New Material.mat using Guid(e49591f711e327749bdcda233ddb5739) Importer(815301076,1909f56bfc062723c751e8b465ee728b)  -> (artifact id: '64599fa0cd43d04b68ec53455ee130d7') in 0.005762 seconds 
========================================================================
Received Import Request.
  Time since last request: 0.000030 seconds.
  path: Assets/Room/Materials/the book texture.mat
  artifactKey: Guid(34d6d6e0601f71746a3f73b41dabe7db) Importer(815301076,1909f56bfc062723c751e8b465ee728b)
Start importing Assets/Room/Materials/the book texture.mat using Guid(34d6d6e0601f71746a3f73b41dabe7db) Importer(815301076,1909f56bfc062723c751e8b465ee728b)  -> (artifact id: '2c9986adcb3ed8773a4353dbd4fb3f70') in 0.005419 seconds 
========================================================================
Received Import Request.
  Time since last request: 0.000050 seconds.
  path: Assets/Room/Materials/the chandelier.mat
  artifactKey: Guid(c3c83b2f8e63ed040a4017762f424f15) Importer(815301076,1909f56bfc062723c751e8b465ee728b)
Start importing Assets/Room/Materials/the chandelier.mat using Guid(c3c83b2f8e63ed040a4017762f424f15) Importer(815301076,1909f56bfc062723c751e8b465ee728b)  -> (artifact id: '8b9071c27b61a675718551e368377cad') in 0.008579 seconds 
========================================================================
Received Import Request.
  Time since last request: 0.000048 seconds.
  path: Assets/Room/Materials/marble_1_basecolor.mat
  artifactKey: Guid(f991c1cd557e95f4d80bba54f5b172df) Importer(815301076,1909f56bfc062723c751e8b465ee728b)
Start importing Assets/Room/Materials/marble_1_basecolor.mat using Guid(f991c1cd557e95f4d80bba54f5b172df) Importer(815301076,1909f56bfc062723c751e8b465ee728b)  -> (artifact id: '6cd7cffd14ee2494f56318b844084714') in 0.239946 seconds 
========================================================================
Received Import Request.
  Time since last request: 32.575718 seconds.
  path: Assets/Room/models/Materials/black_painted_metal.001.mat
  artifactKey: Guid(272c7744a4823be41877a43b64990780) Importer(815301076,1909f56bfc062723c751e8b465ee728b)
Start importing Assets/Room/models/Materials/black_painted_metal.001.mat using Guid(272c7744a4823be41877a43b64990780) Importer(815301076,1909f56bfc062723c751e8b465ee728b)  -> (artifact id: 'd8b5e8e6480bb7bda94035c01e2bf0ea') in 0.009233 seconds 
========================================================================
Received Import Request.
  Time since last request: 0.000048 seconds.
  path: Assets/Room/models/Materials/top_roof_wood.008.mat
  artifactKey: Guid(767e976b0e2c9b64db2711dc92d7400a) Importer(815301076,1909f56bfc062723c751e8b465ee728b)
Start importing Assets/Room/models/Materials/top_roof_wood.008.mat using Guid(767e976b0e2c9b64db2711dc92d7400a) Importer(815301076,1909f56bfc062723c751e8b465ee728b)  -> (artifact id: '5fae5ab99d29ad4edf3b86eb6d6ac2af') in 0.007261 seconds 
========================================================================
Received Import Request.
  Time since last request: 0.000045 seconds.
  path: Assets/Room/models/Materials/bookcasewood.000.mat
  artifactKey: Guid(f0bc49676924b91499f3019c87d25b1d) Importer(815301076,1909f56bfc062723c751e8b465ee728b)
Start importing Assets/Room/models/Materials/bookcasewood.000.mat using Guid(f0bc49676924b91499f3019c87d25b1d) Importer(815301076,1909f56bfc062723c751e8b465ee728b)  -> (artifact id: '063bf3236f8ebfb811d2e290e36e68c9') in 0.010028 seconds 
========================================================================
Received Import Request.
  Time since last request: 0.000039 seconds.
  path: Assets/Room/models/Materials/wood the tabel and chaer.000.mat
  artifactKey: Guid(775c0079d62305640ad64462b64a85b3) Importer(815301076,1909f56bfc062723c751e8b465ee728b)
Start importing Assets/Room/models/Materials/wood the tabel and chaer.000.mat using Guid(775c0079d62305640ad64462b64a85b3) Importer(815301076,1909f56bfc062723c751e8b465ee728b)  -> (artifact id: '55c338e4af501f0a67ff75b67170d7c3') in 0.006492 seconds 
========================================================================
Received Import Request.
  Time since last request: 0.000031 seconds.
  path: Assets/Room/models/Materials/wood the tabel and chaer.008.mat
  artifactKey: Guid(d1752dd1b7ee848428cf4347908cee07) Importer(815301076,1909f56bfc062723c751e8b465ee728b)
Start importing Assets/Room/models/Materials/wood the tabel and chaer.008.mat using Guid(d1752dd1b7ee848428cf4347908cee07) Importer(815301076,1909f56bfc062723c751e8b465ee728b)  -> (artifact id: '846408bb9d60c0d1a4e7c1d8fe849eb1') in 0.008014 seconds 
========================================================================
Received Import Request.
  Time since last request: 0.000041 seconds.
  path: Assets/Room/models/Materials/book.001.mat
  artifactKey: Guid(2f6fa1fb7b1bba64a88e994f73318053) Importer(815301076,1909f56bfc062723c751e8b465ee728b)
Start importing Assets/Room/models/Materials/book.001.mat using Guid(2f6fa1fb7b1bba64a88e994f73318053) Importer(815301076,1909f56bfc062723c751e8b465ee728b)  -> (artifact id: 'ce26d52c315487b939bb4e29ecdc6dc6') in 0.009720 seconds 
========================================================================
Received Import Request.
  Time since last request: 0.000041 seconds.
  path: Assets/Room/models/Materials/book.mat
  artifactKey: Guid(68c7cd10f54128a43a32a1518fa189a4) Importer(815301076,1909f56bfc062723c751e8b465ee728b)
Start importing Assets/Room/models/Materials/book.mat using Guid(68c7cd10f54128a43a32a1518fa189a4) Importer(815301076,1909f56bfc062723c751e8b465ee728b)  -> (artifact id: '59c3c62e6bdc4f162403ca89ff7d62ce') in 0.007739 seconds 
========================================================================
Received Import Request.
  Time since last request: 0.000037 seconds.
  path: Assets/Room/models/Materials/wood the tabel and chaer.001.mat
  artifactKey: Guid(5ab2365d35e420e438f029b7490fa10d) Importer(815301076,1909f56bfc062723c751e8b465ee728b)
Start importing Assets/Room/models/Materials/wood the tabel and chaer.001.mat using Guid(5ab2365d35e420e438f029b7490fa10d) Importer(815301076,1909f56bfc062723c751e8b465ee728b)  -> (artifact id: 'e1642a7d31693acd132e51fbc6a398bb') in 0.007901 seconds 
========================================================================
Received Import Request.
  Time since last request: 0.000038 seconds.
  path: Assets/Room/models/Materials/wood the tabel and chaer.009.mat
  artifactKey: Guid(97408f3f06a4a264fa64474ccf5e6615) Importer(815301076,1909f56bfc062723c751e8b465ee728b)
Start importing Assets/Room/models/Materials/wood the tabel and chaer.009.mat using Guid(97408f3f06a4a264fa64474ccf5e6615) Importer(815301076,1909f56bfc062723c751e8b465ee728b)  -> (artifact id: '3f927bc1ba1e10e6dbb66509ad24496f') in 0.010998 seconds 
========================================================================
Received Import Request.
  Time since last request: 0.000042 seconds.
  path: Assets/Room/models/Materials/bookcasewood.002.mat
  artifactKey: Guid(768995bb6819bde4789140a6cd15a757) Importer(815301076,1909f56bfc062723c751e8b465ee728b)
Start importing Assets/Room/models/Materials/bookcasewood.002.mat using Guid(768995bb6819bde4789140a6cd15a757) Importer(815301076,1909f56bfc062723c751e8b465ee728b)  -> (artifact id: '4ff36202a0f117b049ee78e1dfedd834') in 0.006899 seconds 
========================================================================
Received Import Request.
  Time since last request: 0.000050 seconds.
  path: Assets/Room/models/Materials/glass.000.mat
  artifactKey: Guid(a5b04efbe8b298d409b8ffbae88da40f) Importer(815301076,1909f56bfc062723c751e8b465ee728b)
Start importing Assets/Room/models/Materials/glass.000.mat using Guid(a5b04efbe8b298d409b8ffbae88da40f) Importer(815301076,1909f56bfc062723c751e8b465ee728b)  -> (artifact id: '112fdc0cd1c6c944ae142cf6c197cef9') in 0.010430 seconds 
========================================================================
Received Import Request.
  Time since last request: 0.000047 seconds.
  path: Assets/Room/models/Materials/booksonthecase.002.mat
  artifactKey: Guid(b891e7ffaf050934cb58b1dcf8314295) Importer(815301076,1909f56bfc062723c751e8b465ee728b)
Start importing Assets/Room/models/Materials/booksonthecase.002.mat using Guid(b891e7ffaf050934cb58b1dcf8314295) Importer(815301076,1909f56bfc062723c751e8b465ee728b)  -> (artifact id: '6bc588081b542b0c1c5256991df97ed3') in 0.007009 seconds 
========================================================================
Received Import Request.
  Time since last request: 0.000066 seconds.
  path: Assets/Room/models/Materials/black_painted_metal.018.mat
  artifactKey: Guid(3c245d3007a9a8242945716e1984d2e9) Importer(815301076,1909f56bfc062723c751e8b465ee728b)
Start importing Assets/Room/models/Materials/black_painted_metal.018.mat using Guid(3c245d3007a9a8242945716e1984d2e9) Importer(815301076,1909f56bfc062723c751e8b465ee728b)  -> (artifact id: 'c8ccd67ae91ece3f38bc18d20d2d122f') in 0.005667 seconds 
========================================================================
Received Import Request.
  Time since last request: 0.000044 seconds.
  path: Assets/Room/models/Materials/wall_stone_brick.002.mat
  artifactKey: Guid(34869a3ee94378a449ea8dc406b48334) Importer(815301076,1909f56bfc062723c751e8b465ee728b)
Start importing Assets/Room/models/Materials/wall_stone_brick.002.mat using Guid(34869a3ee94378a449ea8dc406b48334) Importer(815301076,1909f56bfc062723c751e8b465ee728b)  -> (artifact id: 'e285b874a5412b1b9738b84ecd32abfa') in 0.005015 seconds 
========================================================================
Received Import Request.
  Time since last request: 0.000066 seconds.
  path: Assets/Room/models/Materials/booksonthecase.000.mat
  artifactKey: Guid(1307f8387990dc444b7e4270faccade7) Importer(815301076,1909f56bfc062723c751e8b465ee728b)
Start importing Assets/Room/models/Materials/booksonthecase.000.mat using Guid(1307f8387990dc444b7e4270faccade7) Importer(815301076,1909f56bfc062723c751e8b465ee728b)  -> (artifact id: '1f65917e696a8ff069890f35be761aa0') in 0.005991 seconds 
========================================================================
Received Import Request.
  Time since last request: 2.878306 seconds.
  path: Assets/Room/prefabs/bookcase.prefab
  artifactKey: Guid(e701c442dd73c844b9f5a0c6ed6e59e1) Importer(815301076,1909f56bfc062723c751e8b465ee728b)
Start importing Assets/Room/prefabs/bookcase.prefab using Guid(e701c442dd73c844b9f5a0c6ed6e59e1) Importer(815301076,1909f56bfc062723c751e8b465ee728b)  -> (artifact id: 'c7b9ed8313e478951ebba9791047385d') in 0.241550 seconds 
========================================================================
Received Import Request.
  Time since last request: 0.000029 seconds.
  path: Assets/Room/prefabs/Full roof.prefab
  artifactKey: Guid(9884b1a9ded4dc240b53c0978ec88137) Importer(815301076,1909f56bfc062723c751e8b465ee728b)
Start importing Assets/Room/prefabs/Full roof.prefab using Guid(9884b1a9ded4dc240b53c0978ec88137) Importer(815301076,1909f56bfc062723c751e8b465ee728b)  -> (artifact id: '2fece8296f619e3265546377078ac8d7') in 0.016567 seconds 
========================================================================
Received Import Request.
  Time since last request: 0.000055 seconds.
  path: Assets/Room/prefabs/chandiler.prefab
  artifactKey: Guid(2e57ba42788234646b2d6b76f15dac76) Importer(815301076,1909f56bfc062723c751e8b465ee728b)
Start importing Assets/Room/prefabs/chandiler.prefab using Guid(2e57ba42788234646b2d6b76f15dac76) Importer(815301076,1909f56bfc062723c751e8b465ee728b)  -> (artifact id: '9c923d7e63c23cbd1a225771a78cb396') in 0.009022 seconds 
========================================================================
Received Import Request.
  Time since last request: 0.000043 seconds.
  path: Assets/Room/prefabs/Window.prefab
  artifactKey: Guid(ac1d6bc633cb75f43b455f34daf7fd73) Importer(815301076,1909f56bfc062723c751e8b465ee728b)
Start importing Assets/Room/prefabs/Window.prefab using Guid(ac1d6bc633cb75f43b455f34daf7fd73) Importer(815301076,1909f56bfc062723c751e8b465ee728b)  -> (artifact id: '7e55542a81a21e36620c3709b9b2785d') in 0.019670 seconds 
========================================================================
Received Import Request.
  Time since last request: 0.000041 seconds.
  path: Assets/Room/prefabs/window00.prefab
  artifactKey: Guid(09fd774473e8b114b8d4338ec5fc5d2c) Importer(815301076,1909f56bfc062723c751e8b465ee728b)
Start importing Assets/Room/prefabs/window00.prefab using Guid(09fd774473e8b114b8d4338ec5fc5d2c) Importer(815301076,1909f56bfc062723c751e8b465ee728b)  -> (artifact id: '9c4995ca996411ce6fe8775df669418c') in 0.004494 seconds 
========================================================================
Received Import Request.
  Time since last request: 0.000038 seconds.
  path: Assets/Room/prefabs/CH0.prefab
  artifactKey: Guid(33aa3234397faa044af73f4700427d62) Importer(815301076,1909f56bfc062723c751e8b465ee728b)
Start importing Assets/Room/prefabs/CH0.prefab using Guid(33aa3234397faa044af73f4700427d62) Importer(815301076,1909f56bfc062723c751e8b465ee728b)  -> (artifact id: '70e906479d28915180035e9a0da24205') in 0.004431 seconds 
========================================================================
Received Import Request.
  Time since last request: 0.000045 seconds.
  path: Assets/Room/prefabs/pillers.prefab
  artifactKey: Guid(f7195cee3b068c54a895c90d16bb7fa8) Importer(815301076,1909f56bfc062723c751e8b465ee728b)
Start importing Assets/Room/prefabs/pillers.prefab using Guid(f7195cee3b068c54a895c90d16bb7fa8) Importer(815301076,1909f56bfc062723c751e8b465ee728b)  -> (artifact id: '3732d519d1bade5f6a199c27248b4042') in 0.010678 seconds 
========================================================================
Received Import Request.
  Time since last request: 0.000033 seconds.
  path: Assets/Room/prefabs/door.prefab
  artifactKey: Guid(4277c84f4eb45414089869ec9eed16a9) Importer(815301076,1909f56bfc062723c751e8b465ee728b)
Start importing Assets/Room/prefabs/door.prefab using Guid(4277c84f4eb45414089869ec9eed16a9) Importer(815301076,1909f56bfc062723c751e8b465ee728b)  -> (artifact id: '9bd1e53d316997d758791118d3e3a301') in 0.005224 seconds 
========================================================================
Received Import Request.
  Time since last request: 0.000038 seconds.
  path: Assets/Room/prefabs/roof piece.prefab
  artifactKey: Guid(a6b1194453112994298b9a98aad645f3) Importer(815301076,1909f56bfc062723c751e8b465ee728b)
Start importing Assets/Room/prefabs/roof piece.prefab using Guid(a6b1194453112994298b9a98aad645f3) Importer(815301076,1909f56bfc062723c751e8b465ee728b)  -> (artifact id: 'c9a7fda198e149680142d0c0a2d458e8') in 0.011459 seconds 
========================================================================
Received Import Request.
  Time since last request: 0.000032 seconds.
  path: Assets/Room/prefabs/chair.prefab
  artifactKey: Guid(0941535f5a7c0d846a45a6370dc4036b) Importer(815301076,1909f56bfc062723c751e8b465ee728b)
Start importing Assets/Room/prefabs/chair.prefab using Guid(0941535f5a7c0d846a45a6370dc4036b) Importer(815301076,1909f56bfc062723c751e8b465ee728b)  -> (artifact id: '52bc88d9db8d01d2a2588ef50f40d800') in 0.008570 seconds 
========================================================================
Received Import Request.
  Time since last request: 0.000029 seconds.
  path: Assets/Room/prefabs/Ground.prefab
  artifactKey: Guid(2619ececdb14aea42a9a5ea90854b3d3) Importer(815301076,1909f56bfc062723c751e8b465ee728b)
Start importing Assets/Room/prefabs/Ground.prefab using Guid(2619ececdb14aea42a9a5ea90854b3d3) Importer(815301076,1909f56bfc062723c751e8b465ee728b)  -> (artifact id: '603dc8fa3d547f63ec4b12639bc83f01') in 0.006115 seconds 
========================================================================
Received Import Request.
  Time since last request: 0.000033 seconds.
  path: Assets/Room/prefabs/fire.prefab
  artifactKey: Guid(4672393f346060446996dc28733539e7) Importer(815301076,1909f56bfc062723c751e8b465ee728b)
Start importing Assets/Room/prefabs/fire.prefab using Guid(4672393f346060446996dc28733539e7) Importer(815301076,1909f56bfc062723c751e8b465ee728b)  -> (artifact id: '4c8b50fe4ae67b2c6102c0874759878c') in 0.003579 seconds 
========================================================================
Received Import Request.
  Time since last request: 0.000035 seconds.
  path: Assets/Room/prefabs/miain.prefab
  artifactKey: Guid(440d9e69d5aceca4a89f47c4f96043ac) Importer(815301076,1909f56bfc062723c751e8b465ee728b)
Start importing Assets/Room/prefabs/miain.prefab using Guid(440d9e69d5aceca4a89f47c4f96043ac) Importer(815301076,1909f56bfc062723c751e8b465ee728b)  -> (artifact id: '015b19a595ed903ac86114eea7ada66c') in 0.019561 seconds 
========================================================================
Received Import Request.
  Time since last request: 0.880546 seconds.
  path: Assets/Room/Settings/post proscessing 2.PNG
  artifactKey: Guid(d306b93ea9d7ed045bee2b508da745a7) Importer(815301076,1909f56bfc062723c751e8b465ee728b)
Start importing Assets/Room/Settings/post proscessing 2.PNG using Guid(d306b93ea9d7ed045bee2b508da745a7) Importer(815301076,1909f56bfc062723c751e8b465ee728b)  -> (artifact id: 'be45f6e39401057b6ce5b017345b15f9') in 0.059726 seconds 
========================================================================
Received Import Request.
  Time since last request: 0.000044 seconds.
  path: Assets/Room/Settings/setting screenshot 1.PNG
  artifactKey: Guid(63f3de698d484314abb908daf9da4972) Importer(815301076,1909f56bfc062723c751e8b465ee728b)
Start importing Assets/Room/Settings/setting screenshot 1.PNG using Guid(63f3de698d484314abb908daf9da4972) Importer(815301076,1909f56bfc062723c751e8b465ee728b)  -> (artifact id: '36779fda829c845837f9cb3b4606fedb') in 0.004978 seconds 
========================================================================
Received Import Request.
  Time since last request: 1.836476 seconds.
  path: Assets/Room/textures/door texture 2.png
  artifactKey: Guid(2621688afa3fd5648872b26e49e00672) Importer(815301076,1909f56bfc062723c751e8b465ee728b)
Start importing Assets/Room/textures/door texture 2.png using Guid(2621688afa3fd5648872b26e49e00672) Importer(815301076,1909f56bfc062723c751e8b465ee728b)  -> (artifact id: '0ca7be97225ef16968bb3e926ea4f24f') in 0.010123 seconds 
========================================================================
Received Import Request.
  Time since last request: 0.000057 seconds.
  path: Assets/Room/textures/the book texture.png
  artifactKey: Guid(cd9ff9fc51f374941934237aedf94aec) Importer(815301076,1909f56bfc062723c751e8b465ee728b)
Start importing Assets/Room/textures/the book texture.png using Guid(cd9ff9fc51f374941934237aedf94aec) Importer(815301076,1909f56bfc062723c751e8b465ee728b)  -> (artifact id: 'e92fb109e0036f85cc36724b2f5733e4') in 0.007256 seconds 
========================================================================
Received Import Request.
  Time since last request: 0.000046 seconds.
  path: Assets/Room/textures/door texture 3.png
  artifactKey: Guid(d428a86effda3254cbdd214d03890a33) Importer(815301076,1909f56bfc062723c751e8b465ee728b)
Start importing Assets/Room/textures/door texture 3.png using Guid(d428a86effda3254cbdd214d03890a33) Importer(815301076,1909f56bfc062723c751e8b465ee728b)  -> (artifact id: '144312ebb04b82c731f4dabc5f8e3394') in 0.006189 seconds 
========================================================================
Received Import Request.
  Time since last request: 0.000041 seconds.
  path: Assets/Room/textures/the chandelier hand.png
  artifactKey: Guid(cd3c2f0640e9b83499ff1f968b785b00) Importer(815301076,1909f56bfc062723c751e8b465ee728b)
Start importing Assets/Room/textures/the chandelier hand.png using Guid(cd3c2f0640e9b83499ff1f968b785b00) Importer(815301076,1909f56bfc062723c751e8b465ee728b)  -> (artifact id: 'e9c2edde581f3f9f3cbf656809db8327') in 0.008327 seconds 
========================================================================
Received Import Request.
  Time since last request: 0.000044 seconds.
  path: Assets/Room/textures/the chandelier.png
  artifactKey: Guid(f8981b2722a8a6746ba878eef42c0006) Importer(815301076,1909f56bfc062723c751e8b465ee728b)
Start importing Assets/Room/textures/the chandelier.png using Guid(f8981b2722a8a6746ba878eef42c0006) Importer(815301076,1909f56bfc062723c751e8b465ee728b)  -> (artifact id: 'b7df57872332a61561991c513110839c') in 0.004647 seconds 
========================================================================
Received Import Request.
  Time since last request: 2.608768 seconds.
  path: Assets/Room/models/bookcase 00.fbx
  artifactKey: Guid(298a35b7a5c960547a13f29d1b586d0d) Importer(815301076,1909f56bfc062723c751e8b465ee728b)
Start importing Assets/Room/models/bookcase 00.fbx using Guid(298a35b7a5c960547a13f29d1b586d0d) Importer(815301076,1909f56bfc062723c751e8b465ee728b)  -> (artifact id: '3032d67c57df668586a5b9f1f851d083') in 0.023575 seconds 
========================================================================
Received Import Request.
  Time since last request: 0.000043 seconds.
  path: Assets/Room/models/rooftop-00.fbx
  artifactKey: Guid(cd342c9f9a9c8f042bc81f7ce625482b) Importer(815301076,1909f56bfc062723c751e8b465ee728b)
Start importing Assets/Room/models/rooftop-00.fbx using Guid(cd342c9f9a9c8f042bc81f7ce625482b) Importer(815301076,1909f56bfc062723c751e8b465ee728b)  -> (artifact id: '1bb49910cfe668286826f5b09e466a59') in 0.090152 seconds 
========================================================================
Received Import Request.
  Time since last request: 0.000031 seconds.
  path: Assets/Room/models/door 00.fbx .fbx
  artifactKey: Guid(ff0a4d33168faae4395e213f7ed45781) Importer(815301076,1909f56bfc062723c751e8b465ee728b)
Start importing Assets/Room/models/door 00.fbx .fbx using Guid(ff0a4d33168faae4395e213f7ed45781) Importer(815301076,1909f56bfc062723c751e8b465ee728b)  -> (artifact id: 'b48c202ff7f8b8eb757e2e630e7319f1') in 0.005101 seconds 
========================================================================
Received Import Request.
  Time since last request: 0.000032 seconds.
  path: Assets/Room/models/fire.fbx
  artifactKey: Guid(e5bebf0a45f060d4c90b627593524d02) Importer(815301076,1909f56bfc062723c751e8b465ee728b)
Start importing Assets/Room/models/fire.fbx using Guid(e5bebf0a45f060d4c90b627593524d02) Importer(815301076,1909f56bfc062723c751e8b465ee728b)  -> (artifact id: 'a57118e50110b8e5a5f3b1f1d02da329') in 0.012336 seconds 
========================================================================
Received Import Request.
  Time since last request: 171.354089 seconds.
  path: Assets/Room/textures/chiar/wood the tabel and chaer.002_Base_Color.png
  artifactKey: Guid(f69b0381dd2e0bc4987103d490444d22) Importer(815301076,1909f56bfc062723c751e8b465ee728b)
Start importing Assets/Room/textures/chiar/wood the tabel and chaer.002_Base_Color.png using Guid(f69b0381dd2e0bc4987103d490444d22) Importer(815301076,1909f56bfc062723c751e8b465ee728b)  -> (artifact id: 'f679d20574038f713810866d5bc19640') in 0.007926 seconds 
========================================================================
Received Import Request.
  Time since last request: 0.000034 seconds.
  path: Assets/Room/textures/table/Materials/wood the tabel and chaer_Roughness.mat
  artifactKey: Guid(dcc4ad64a9a749c4bac8a75e029fbc20) Importer(815301076,1909f56bfc062723c751e8b465ee728b)
Start importing Assets/Room/textures/table/Materials/wood the tabel and chaer_Roughness.mat using Guid(dcc4ad64a9a749c4bac8a75e029fbc20) Importer(815301076,1909f56bfc062723c751e8b465ee728b)  -> (artifact id: 'eab8b503a1e87d4114588c0c63394fe9') in 0.010547 seconds 
========================================================================
Received Import Request.
  Time since last request: 0.000038 seconds.
  path: Assets/Room/textures/table/Materials/wood the tabel and chaer_Metallic.mat
  artifactKey: Guid(d0552da05fcbab946a029b1bcbcd9fbf) Importer(815301076,1909f56bfc062723c751e8b465ee728b)
Start importing Assets/Room/textures/table/Materials/wood the tabel and chaer_Metallic.mat using Guid(d0552da05fcbab946a029b1bcbcd9fbf) Importer(815301076,1909f56bfc062723c751e8b465ee728b)  -> (artifact id: 'e0bfcaf87d1bdc1e8568849d0a644ceb') in 0.009392 seconds 
========================================================================
Received Import Request.
  Time since last request: 0.000039 seconds.
  path: Assets/Room/textures/chiar/Materials/wood the tabel and chaer.002_Metallic.mat
  artifactKey: Guid(4999017c5a3bb9348813518678f79ea5) Importer(815301076,1909f56bfc062723c751e8b465ee728b)
Start importing Assets/Room/textures/chiar/Materials/wood the tabel and chaer.002_Metallic.mat using Guid(4999017c5a3bb9348813518678f79ea5) Importer(815301076,1909f56bfc062723c751e8b465ee728b)  -> (artifact id: 'c57d5a7a0f9a3ab114a397beb31ba0db') in 0.011257 seconds 
========================================================================
Received Import Request.
  Time since last request: 0.000039 seconds.
  path: Assets/Room/textures/table/wood the tabel and chaer_Height.png
  artifactKey: Guid(04fce0d1b2984044f80df82d3e9a2561) Importer(815301076,1909f56bfc062723c751e8b465ee728b)
Start importing Assets/Room/textures/table/wood the tabel and chaer_Height.png using Guid(04fce0d1b2984044f80df82d3e9a2561) Importer(815301076,1909f56bfc062723c751e8b465ee728b)  -> (artifact id: '92cc25825b95527d0b037edda6ad7649') in 0.005120 seconds 
========================================================================
Received Import Request.
  Time since last request: 0.000031 seconds.
  path: Assets/Room/textures/table/wood the tabel and chaer_Metallic.png
  artifactKey: Guid(1b9dd10663d85524c97a1dce30867938) Importer(815301076,1909f56bfc062723c751e8b465ee728b)
Start importing Assets/Room/textures/table/wood the tabel and chaer_Metallic.png using Guid(1b9dd10663d85524c97a1dce30867938) Importer(815301076,1909f56bfc062723c751e8b465ee728b)  -> (artifact id: 'e99642c15436d376d925ae3a43768bc1') in 0.005977 seconds 
========================================================================
Received Import Request.
  Time since last request: 0.000034 seconds.
  path: Assets/Room/textures/table/Materials/wood the tabel and chaer_Normal_DirectX 2.mat
  artifactKey: Guid(69354be260634c74899b5ae05dfba020) Importer(815301076,1909f56bfc062723c751e8b465ee728b)
Start importing Assets/Room/textures/table/Materials/wood the tabel and chaer_Normal_DirectX 2.mat using Guid(69354be260634c74899b5ae05dfba020) Importer(815301076,1909f56bfc062723c751e8b465ee728b)  -> (artifact id: '328b37ce259b134a232e243e9cfa1304') in 0.005339 seconds 
========================================================================
Received Import Request.
  Time since last request: 0.000030 seconds.
  path: Assets/Room/textures/table/wood the tabel and chaer_Roughness.png
  artifactKey: Guid(d177c5a015ed1184baba2e3eeaaf4080) Importer(815301076,1909f56bfc062723c751e8b465ee728b)
Start importing Assets/Room/textures/table/wood the tabel and chaer_Roughness.png using Guid(d177c5a015ed1184baba2e3eeaaf4080) Importer(815301076,1909f56bfc062723c751e8b465ee728b)  -> (artifact id: 'b125e60d32a6053f4e0c9274c1417b9e') in 0.004683 seconds 
========================================================================
Received Import Request.
  Time since last request: 0.000040 seconds.
  path: Assets/Room/textures/chiar/wood the tabel and chaer.002_Metallic.png
  artifactKey: Guid(a6875518f56e74f43957e8dfa97e4a41) Importer(815301076,1909f56bfc062723c751e8b465ee728b)
Start importing Assets/Room/textures/chiar/wood the tabel and chaer.002_Metallic.png using Guid(a6875518f56e74f43957e8dfa97e4a41) Importer(815301076,1909f56bfc062723c751e8b465ee728b)  -> (artifact id: '8a33df16423501c78f2e40642fbbfc02') in 0.004172 seconds 
========================================================================
Received Import Request.
  Time since last request: 0.000026 seconds.
  path: Assets/Room/textures/chiar/Materials/wood the tabel and chaer.002_Normal_DirectX.mat
  artifactKey: Guid(2a9500e5ca7b3b849809d7cf16fa330b) Importer(815301076,1909f56bfc062723c751e8b465ee728b)
Start importing Assets/Room/textures/chiar/Materials/wood the tabel and chaer.002_Normal_DirectX.mat using Guid(2a9500e5ca7b3b849809d7cf16fa330b) Importer(815301076,1909f56bfc062723c751e8b465ee728b)  -> (artifact id: '1991ac874dacbc6597d060cd284e3b27') in 0.210450 seconds 
========================================================================
Received Import Request.
  Time since last request: 0.000049 seconds.
  path: Assets/Room/textures/chiar/wood the tabel and chaer.002_Roughness.png
  artifactKey: Guid(dfb59868fe93f8749b463c359d1575ad) Importer(815301076,1909f56bfc062723c751e8b465ee728b)
Start importing Assets/Room/textures/chiar/wood the tabel and chaer.002_Roughness.png using Guid(dfb59868fe93f8749b463c359d1575ad) Importer(815301076,1909f56bfc062723c751e8b465ee728b)  -> (artifact id: '44339b7329cc3a410fe3b1aa2902ca79') in 0.004274 seconds 
========================================================================
Received Import Request.
  Time since last request: 0.000040 seconds.
  path: Assets/Room/textures/table/Materials/wood the tabel and chaer_Normal_DirectX.mat
  artifactKey: Guid(b44a9b03af8cc66459644a30100b87d7) Importer(815301076,1909f56bfc062723c751e8b465ee728b)
Start importing Assets/Room/textures/table/Materials/wood the tabel and chaer_Normal_DirectX.mat using Guid(b44a9b03af8cc66459644a30100b87d7) Importer(815301076,1909f56bfc062723c751e8b465ee728b)  -> (artifact id: '6fc914023e340ac1efaf063cfaae047f') in 0.008631 seconds 
========================================================================
Received Import Request.
  Time since last request: 918.797826 seconds.
  path: Assets/Room/textures/floor/marble_1_height.png
  artifactKey: Guid(6709565d7c22df04fac8dca11ad0ae17) Importer(815301076,1909f56bfc062723c751e8b465ee728b)
Start importing Assets/Room/textures/floor/marble_1_height.png using Guid(6709565d7c22df04fac8dca11ad0ae17) Importer(815301076,1909f56bfc062723c751e8b465ee728b)  -> (artifact id: '2d6de807044a3063b394600603e2f8f6') in 0.016983 seconds 
========================================================================
Received Import Request.
  Time since last request: 0.000056 seconds.
  path: Assets/Room/textures/floor/marble_1_normal.png
  artifactKey: Guid(83ce4516dcc63cc4bba36a70b989098d) Importer(815301076,1909f56bfc062723c751e8b465ee728b)
Start importing Assets/Room/textures/floor/marble_1_normal.png using Guid(83ce4516dcc63cc4bba36a70b989098d) Importer(815301076,1909f56bfc062723c751e8b465ee728b)  -> (artifact id: '55fd0407452d8c9b1c4fcd9d5e18a47d') in 0.008390 seconds 
========================================================================
Received Import Request.
  Time since last request: 1.781929 seconds.
  path: Assets/Room/textures/floor/Materials/marble_1_metallic.mat
  artifactKey: Guid(a2636189f55762b42a6dba1d2789f751) Importer(815301076,1909f56bfc062723c751e8b465ee728b)
Start importing Assets/Room/textures/floor/Materials/marble_1_metallic.mat using Guid(a2636189f55762b42a6dba1d2789f751) Importer(815301076,1909f56bfc062723c751e8b465ee728b)  -> (artifact id: 'c79e0fcb7c699542a5f6eea4c746ed5c') in 0.013869 seconds 
========================================================================
Received Import Request.
  Time since last request: 0.000053 seconds.
  path: Assets/Room/textures/floor/Materials/marble_1_roughness.mat
  artifactKey: Guid(0ed2247be5eba804a94da781cfed56c4) Importer(815301076,1909f56bfc062723c751e8b465ee728b)
Start importing Assets/Room/textures/floor/Materials/marble_1_roughness.mat using Guid(0ed2247be5eba804a94da781cfed56c4) Importer(815301076,1909f56bfc062723c751e8b465ee728b)  -> (artifact id: '05e1d65a0ab40a7b2a7e99d406ab6beb') in 0.006952 seconds 
========================================================================
Received Import Request.
  Time since last request: 20.260070 seconds.
  path: Assets/Room/textures/bookcase/Materials/bookcasewood_Base_Color.mat
  artifactKey: Guid(2b9faa434e605f945890ccb60fd2b0ba) Importer(815301076,1909f56bfc062723c751e8b465ee728b)
Start importing Assets/Room/textures/bookcase/Materials/bookcasewood_Base_Color.mat using Guid(2b9faa434e605f945890ccb60fd2b0ba) Importer(815301076,1909f56bfc062723c751e8b465ee728b)  -> (artifact id: 'd0a45e284b2c16c3e1dbe435db864d37') in 0.023273 seconds 
========================================================================
Received Import Request.
  Time since last request: 13.094499 seconds.
  path: Assets/Room/textures/roofrop/Materials/top_roof_wood_Normal_DirectX.mat
  artifactKey: Guid(3e1dca63246e768439533c060d63cbb7) Importer(815301076,1909f56bfc062723c751e8b465ee728b)
Start importing Assets/Room/textures/roofrop/Materials/top_roof_wood_Normal_DirectX.mat using Guid(3e1dca63246e768439533c060d63cbb7) Importer(815301076,1909f56bfc062723c751e8b465ee728b)  -> (artifact id: 'bb5aea44fd7c1663583537296603b412') in 0.016747 seconds 
========================================================================
Received Import Request.
  Time since last request: 26.953233 seconds.
  path: Assets/Room/textures/table/Materials/wood the tabel and chaer_Metallic 1.mat
  artifactKey: Guid(3e5a93745d40742ca84c4c54f9588c84) Importer(815301076,1909f56bfc062723c751e8b465ee728b)
Start importing Assets/Room/textures/table/Materials/wood the tabel and chaer_Metallic 1.mat using Guid(3e5a93745d40742ca84c4c54f9588c84) Importer(815301076,1909f56bfc062723c751e8b465ee728b)  -> (artifact id: 'fb1cf3256513ccb319fa8758adbe3827') in 0.009252 seconds 
========================================================================
Received Import Request.
  Time since last request: 0.000081 seconds.
  path: Assets/Room/textures/table/Materials/wood the tabel and chaer_Normal_DirectX 3.mat
  artifactKey: Guid(810845c912e9b4716937fa3966a21d15) Importer(815301076,1909f56bfc062723c751e8b465ee728b)
Start importing Assets/Room/textures/table/Materials/wood the tabel and chaer_Normal_DirectX 3.mat using Guid(810845c912e9b4716937fa3966a21d15) Importer(815301076,1909f56bfc062723c751e8b465ee728b)  -> (artifact id: '6cc4c0f5d7f3a2a3b81127717211a80a') in 0.011131 seconds 
========================================================================
Received Import Request.
  Time since last request: 36.707661 seconds.
  path: Assets/Room/textures/roofrop/top_roof_wood_Height.png
  artifactKey: Guid(f6d74558a7f33a14db041609fb3a6bbd) Importer(815301076,1909f56bfc062723c751e8b465ee728b)
Start importing Assets/Room/textures/roofrop/top_roof_wood_Height.png using Guid(f6d74558a7f33a14db041609fb3a6bbd) Importer(815301076,1909f56bfc062723c751e8b465ee728b)  -> (artifact id: '1331b5f2d536f0033d8cb6c7a21538a5') in 0.011790 seconds 
========================================================================
Received Import Request.
  Time since last request: 0.000051 seconds.
  path: Assets/Room/textures/roofrop/top_roof_wood_Normal.png
  artifactKey: Guid(7e0bc76c74224b446b30211d17986cd9) Importer(815301076,1909f56bfc062723c751e8b465ee728b)
Start importing Assets/Room/textures/roofrop/top_roof_wood_Normal.png using Guid(7e0bc76c74224b446b30211d17986cd9) Importer(815301076,1909f56bfc062723c751e8b465ee728b)  -> (artifact id: 'b2cc40f2364c0560cecb0635e41a3dc6') in 0.008068 seconds 
========================================================================
Received Import Request.
  Time since last request: 0.000039 seconds.
  path: Assets/Room/textures/roofrop/top_roof_wood_Metallic.png
  artifactKey: Guid(3969e14f96294e64b92308cff2dec6db) Importer(815301076,1909f56bfc062723c751e8b465ee728b)
Start importing Assets/Room/textures/roofrop/top_roof_wood_Metallic.png using Guid(3969e14f96294e64b92308cff2dec6db) Importer(815301076,1909f56bfc062723c751e8b465ee728b)  -> (artifact id: '19802d144a58ec6b6e8b0828572d28fc') in 0.009398 seconds 
========================================================================
Received Import Request.
  Time since last request: 0.000049 seconds.
  path: Assets/Room/textures/roofrop/top_roof_wood_Roughness.png
  artifactKey: Guid(6225238dbfaff5d4090a8b09a7c5b273) Importer(815301076,1909f56bfc062723c751e8b465ee728b)
Start importing Assets/Room/textures/roofrop/top_roof_wood_Roughness.png using Guid(6225238dbfaff5d4090a8b09a7c5b273) Importer(815301076,1909f56bfc062723c751e8b465ee728b)  -> (artifact id: '3a2797fcb62ad9e8d2cd8d6dd98de663') in 0.012131 seconds 
AssetImportWorkerClient::OnTransportError - code=2 error=End of file
