Unity Editor version:    2021.3.20f1 (577897200b8b)
Branch:                  2021.3/staging
Build type:              Release
Batch mode:              YES
macOS version:           Version 13.2.1 (Build 22D68)
Darwin version:          22.3.0
Architecture:            arm64
Running under Rosetta:   NO
Available memory:        16384 MB
Using pre-set license
Pro License: YES

COMMAND LINE ARGUMENTS:
/Users/erin/Desktop/2021.3.20f1/Unity.app/Contents/MacOS/Unity
-adb2
-batchMode
-noUpm
-name
AssetImportWorker0
-projectPath
/Users/erin/484Project
-logFile
Logs/AssetImportWorker0.log
-srvPort
57194
Successfully changed project path to: /Users/erin/484Project
/Users/erin/484Project
[UnityMemory] Configuration Parameters - Can be set up in boot.config
    "memorysetup-bucket-allocator-granularity=16"
    "memorysetup-bucket-allocator-bucket-count=8"
    "memorysetup-bucket-allocator-block-size=33554432"
    "memorysetup-bucket-allocator-block-count=8"
    "memorysetup-main-allocator-block-size=16777216"
    "memorysetup-thread-allocator-block-size=16777216"
    "memorysetup-gfx-main-allocator-block-size=16777216"
    "memorysetup-gfx-thread-allocator-block-size=16777216"
    "memorysetup-cache-allocator-block-size=4194304"
    "memorysetup-typetree-allocator-block-size=2097152"
    "memorysetup-profiler-bucket-allocator-granularity=16"
    "memorysetup-profiler-bucket-allocator-bucket-count=8"
    "memorysetup-profiler-bucket-allocator-block-size=33554432"
    "memorysetup-profiler-bucket-allocator-block-count=8"
    "memorysetup-profiler-allocator-block-size=16777216"
    "memorysetup-profiler-editor-allocator-block-size=1048576"
    "memorysetup-temp-allocator-size-main=16777216"
    "memorysetup-job-temp-allocator-block-size=2097152"
    "memorysetup-job-temp-allocator-block-size-background=1048576"
    "memorysetup-job-temp-allocator-reduction-small-platforms=262144"
    "memorysetup-temp-allocator-size-background-worker=32768"
    "memorysetup-temp-allocator-size-job-worker=262144"
    "memorysetup-temp-allocator-size-preload-manager=33554432"
    "memorysetup-temp-allocator-size-nav-mesh-worker=65536"
    "memorysetup-temp-allocator-size-audio-worker=65536"
    "memorysetup-temp-allocator-size-cloud-worker=32768"
    "memorysetup-temp-allocator-size-gi-baking-worker=262144"
    "memorysetup-temp-allocator-size-gfx=262144"
Player connection [8078377280] Host "[IP] 192.168.1.213 [Port] 0 [Flags] 2 [Guid] 534183726 [EditorId] 534183726 [Version] 1048832 [Id] OSXEditor(0,MacBook-Pro.lan1) [Debug] 1 [PackageName] OSXEditor [ProjectName] Editor" joined multi-casting on [225.0.0.222:54997]...

Player connection [8078377280] Host "[IP] 192.168.1.213 [Port] 0 [Flags] 2 [Guid] 534183726 [EditorId] 534183726 [Version] 1048832 [Id] OSXEditor(0,MacBook-Pro.lan1) [Debug] 1 [PackageName] OSXEditor [ProjectName] Editor" joined alternative multi-casting on [225.0.0.222:34997]...

Refreshing native plugins compatible for Editor in 77.86 ms, found 3 plugins.
Preloading 1 native plugins for Editor in 3.66 ms.
Initialize engine version: 2021.3.20f1 (577897200b8b)
[Subsystems] Discovering subsystems at path /Users/erin/Desktop/2021.3.20f1/Unity.app/Contents/Resources/UnitySubsystems
[Subsystems] Discovering subsystems at path /Users/erin/484Project/Assets
GfxDevice: creating device client; threaded=0; jobified=0
 preferred device: Apple M2 (high power)
Metal devices available: 1
0: Apple M2 (high power)
Using device Apple M2 (high power)
Initializing Metal device caps: Apple M2
Initialize mono
Mono path[0] = '/Users/erin/Desktop/2021.3.20f1/Unity.app/Contents/Managed'
Mono path[1] = '/Users/erin/Desktop/2021.3.20f1/Unity.app/Contents/MonoBleedingEdge/lib/mono/unityjit-macos'
Mono config path = '/Users/erin/Desktop/2021.3.20f1/Unity.app/Contents/MonoBleedingEdge/etc'
Using monoOptions --debugger-agent=transport=dt_socket,embedding=1,server=y,suspend=n,address=127.0.0.1:56894
Begin MonoManager ReloadAssembly
Registering precompiled unity dll's ...
Register platform support module: /Users/erin/Desktop/2021.3.20f1/PlaybackEngines/WebGLSupport/UnityEditor.WebGL.Extensions.dll
Register platform support module: /Users/erin/Desktop/2021.3.20f1/Unity.app/Contents/PlaybackEngines/MacStandaloneSupport/UnityEditor.OSXStandalone.Extensions.dll
Register platform support module: /Users/erin/Desktop/2021.3.20f1/PlaybackEngines/AndroidPlayer/UnityEditor.Android.Extensions.dll
Registered in 0.002702 seconds.
Native extension for Android target not found
Android Extension - Scanning For ADB Devices 70 ms
Native extension for OSXStandalone target not found
Native extension for WebGL target not found
Refreshing native plugins compatible for Editor in 63.92 ms, found 3 plugins.
Preloading 1 native plugins for Editor in 0.15 ms.
Mono: successfully reloaded assembly
- Completed reload, in  0.450 seconds
Domain Reload Profiling:
	ReloadAssembly (451ms)
		BeginReloadAssembly (60ms)
			ExecutionOrderSort (0ms)
			DisableScriptedObjects (0ms)
			BackupInstance (0ms)
			ReleaseScriptingObjects (0ms)
			CreateAndSetChildDomain (0ms)
		EndReloadAssembly (337ms)
			LoadAssemblies (61ms)
			RebuildTransferFunctionScriptingTraits (0ms)
			SetupTypeCache (63ms)
			ReleaseScriptCaches (0ms)
			RebuildScriptCaches (17ms)
			SetupLoadedEditorAssemblies (233ms)
				LogAssemblyErrors (0ms)
				InitializePlatformSupportModulesInManaged (111ms)
				SetLoadedEditorAssemblies (0ms)
				RefreshPlugins (64ms)
				BeforeProcessingInitializeOnLoad (1ms)
				ProcessInitializeOnLoadAttributes (39ms)
				ProcessInitializeOnLoadMethodAttributes (19ms)
				AfterProcessingInitializeOnLoad (0ms)
				EditorAssembliesLoaded (0ms)
			ExecutionOrderSort2 (0ms)
			AwakeInstancesAfterBackupRestoration (0ms)
Platform modules already initialized, skipping
Registering precompiled user dll's ...
Registered in 0.006902 seconds.
Begin MonoManager ReloadAssembly
Symbol file LoadedFromMemory doesn't match image /Users/erin/484Project/Library/PackageCache/com.unity.visualscripting@1.8.0/Editor/VisualScripting.Core/Dependencies/DotNetZip/Unity.VisualScripting.IonicZip.dll
Symbol file LoadedFromMemory doesn't match image /Users/erin/484Project/Library/PackageCache/com.unity.visualscripting@1.8.0/Editor/VisualScripting.Core/Dependencies/YamlDotNet/Unity.VisualScripting.YamlDotNet.dll
Native extension for Android target not found
Native extension for OSXStandalone target not found
Native extension for WebGL target not found
Refreshing native plugins compatible for Editor in 63.31 ms, found 3 plugins.
Preloading 1 native plugins for Editor in 0.19 ms.
Package Manager log level set to [2]
Mono: successfully reloaded assembly
- Completed reload, in  0.668 seconds
Domain Reload Profiling:
	ReloadAssembly (668ms)
		BeginReloadAssembly (56ms)
			ExecutionOrderSort (0ms)
			DisableScriptedObjects (3ms)
			BackupInstance (0ms)
			ReleaseScriptingObjects (0ms)
			CreateAndSetChildDomain (15ms)
		EndReloadAssembly (554ms)
			LoadAssemblies (60ms)
			RebuildTransferFunctionScriptingTraits (0ms)
			SetupTypeCache (166ms)
			ReleaseScriptCaches (0ms)
			RebuildScriptCaches (35ms)
			SetupLoadedEditorAssemblies (261ms)
				LogAssemblyErrors (0ms)
				InitializePlatformSupportModulesInManaged (7ms)
				SetLoadedEditorAssemblies (0ms)
				RefreshPlugins (64ms)
				BeforeProcessingInitializeOnLoad (51ms)
				ProcessInitializeOnLoadAttributes (130ms)
				ProcessInitializeOnLoadMethodAttributes (9ms)
				AfterProcessingInitializeOnLoad (1ms)
				EditorAssembliesLoaded (0ms)
			ExecutionOrderSort2 (0ms)
			AwakeInstancesAfterBackupRestoration (2ms)
Platform modules already initialized, skipping
========================================================================
Worker process is ready to serve import requests
Launching external process: /Users/erin/Desktop/2021.3.20f1/Unity.app/Contents/Tools/UnityShaderCompiler
Launched and connected shader compiler UnityShaderCompiler after 0.04 seconds
Refreshing native plugins compatible for Editor in 0.53 ms, found 3 plugins.
Preloading 1 native plugins for Editor in 0.16 ms.
Unloading 4125 Unused Serialized files (Serialized files now loaded: 0)
Unloading 52 unused Assets / (85.7 KB). Loaded Objects now: 4565.
Memory consumption went from 139.5 MB to 139.4 MB.
Total: 2.392875 ms (FindLiveObjects: 0.129291 ms CreateObjectMapping: 0.063375 ms MarkObjects: 2.122917 ms  DeleteObjects: 0.076916 ms)

AssetImportParameters requested are different than current active one (requested -> active):
  custom:video-decoder-ogg-theora: a1e56fd34408186e4bbccfd4996cb3dc -> 
  custom:container-muxer-webm: aa71ff27fc2769a1b78a27578f13a17b -> 
  custom:container-demuxer-webm: 4f35f7cbe854078d1ac9338744f61a02 -> 
  custom:video-encoder-webm-vp8: eb34c28f22e8b96e1ab97ce403110664 -> 
  custom:framework-osx-AVFoundation: e770b220cccbd017edd2c1fefb359320 -> 
  custom:audio-encoder-webm-vorbis: bf7c407c2cedff20999df2af8eb42d56 -> 
  custom:container-demuxer-ogg: 62fdf1f143b41e24485cea50d1cbac27 -> 
  custom:video-decoder-webm-vp8: 9c59270c3fd7afecdb556c50c9e8de78 -> 
  custom:audio-decoder-ogg-vorbis: bf7c407c2cedff20999df2af8eb42d56 -> 
========================================================================
Received Import Request.
  Time since last request: 137916.753971 seconds.
  path: Assets/ExampleAssets/Tutorial/VRTutorialContainer.asset
  artifactKey: Guid(66a752886585f42d5b39f6f643d399f9) Importer(815301076,1909f56bfc062723c751e8b465ee728b)
Start importing Assets/ExampleAssets/Tutorial/VRTutorialContainer.asset using Guid(66a752886585f42d5b39f6f643d399f9) Importer(815301076,1909f56bfc062723c751e8b465ee728b)  -> (artifact id: '20eb564fedb7b56370c4e5e2cd71870d') in 0.065591 seconds 
========================================================================
Received Import Request.
  Time since last request: 0.000037 seconds.
  path: Assets/ExampleAssets/Tutorial/VRTutorialStyle.asset
  artifactKey: Guid(148a9beb0fa9a4026a837fad3a14e6a4) Importer(815301076,1909f56bfc062723c751e8b465ee728b)
Start importing Assets/ExampleAssets/Tutorial/VRTutorialStyle.asset using Guid(148a9beb0fa9a4026a837fad3a14e6a4) Importer(815301076,1909f56bfc062723c751e8b465ee728b)  -> (artifact id: '029a5f68afe0fceffaf34ad532e20933') in 0.003263 seconds 
========================================================================
Received Import Request.
  Time since last request: 0.000064 seconds.
  path: Assets/ExampleAssets/Prefabs/XRControllerRight.prefab
  artifactKey: Guid(1f4d373a613d0466fbd8849470265852) Importer(815301076,1909f56bfc062723c751e8b465ee728b)
Start importing Assets/ExampleAssets/Prefabs/XRControllerRight.prefab using Guid(1f4d373a613d0466fbd8849470265852) Importer(815301076,1909f56bfc062723c751e8b465ee728b)  -> (artifact id: '26de9ec1153016491fa0084b0020c8b0') in 0.072426 seconds 
========================================================================
Received Import Request.
  Time since last request: 0.000039 seconds.
  path: Assets/ExampleAssets/Tutorial/VRTutorialWelcomePage.asset
  artifactKey: Guid(3bf5c60804f704e11826afa05a7e2152) Importer(815301076,1909f56bfc062723c751e8b465ee728b)
Start importing Assets/ExampleAssets/Tutorial/VRTutorialWelcomePage.asset using Guid(3bf5c60804f704e11826afa05a7e2152) Importer(815301076,1909f56bfc062723c751e8b465ee728b)  -> (artifact id: 'fe007e0898a0efbbee3e165a800ec596') in 0.004202 seconds 
========================================================================
Received Import Request.
  Time since last request: 0.000037 seconds.
  path: Assets/ExampleAssets/Tutorial/VRTutorialProjectSettings.asset
  artifactKey: Guid(76b4acc4d12394f60a5accbec43ae2a7) Importer(815301076,1909f56bfc062723c751e8b465ee728b)
Start importing Assets/ExampleAssets/Tutorial/VRTutorialProjectSettings.asset using Guid(76b4acc4d12394f60a5accbec43ae2a7) Importer(815301076,1909f56bfc062723c751e8b465ee728b)  -> (artifact id: 'e04c56407369de874c2983d307a806b7') in 0.008252 seconds 
========================================================================
Received Import Request.
  Time since last request: 0.000043 seconds.
  path: Assets/ExampleAssets/Models/XRControllerRight.fbx
  artifactKey: Guid(2d10b9b89f2474de9800b152c3d00004) Importer(815301076,1909f56bfc062723c751e8b465ee728b)
Start importing Assets/ExampleAssets/Models/XRControllerRight.fbx using Guid(2d10b9b89f2474de9800b152c3d00004) Importer(815301076,1909f56bfc062723c751e8b465ee728b)  -> (artifact id: 'f3b3bf324686b85e9723b7c9677dee50') in 0.163646 seconds 
========================================================================
Received Import Request.
  Time since last request: 289.614869 seconds.
  path: Assets/ExampleAssets/Materials 1
  artifactKey: Guid(4d5d6561bc81a4884b7c2f3d4f9eab32) Importer(815301076,1909f56bfc062723c751e8b465ee728b)
Start importing Assets/ExampleAssets/Materials 1 using Guid(4d5d6561bc81a4884b7c2f3d4f9eab32) Importer(815301076,1909f56bfc062723c751e8b465ee728b)  -> (artifact id: '9a4b245d09e35c213f469b6fd6baeeb6') in 0.001628 seconds 
========================================================================
Received Import Request.
  Time since last request: 167.370185 seconds.
  path: Assets/Free/Wooden Floor Pack
  artifactKey: Guid(f30b2f17e0fe243d5a93e22f88daaca3) Importer(815301076,1909f56bfc062723c751e8b465ee728b)
Start importing Assets/Free/Wooden Floor Pack using Guid(f30b2f17e0fe243d5a93e22f88daaca3) Importer(815301076,1909f56bfc062723c751e8b465ee728b)  -> (artifact id: 'd61efc48cc6e5666e723c39f49bde99e') in 0.001424 seconds 
========================================================================
Received Import Request.
  Time since last request: 2.216727 seconds.
  path: Assets/Free/Wooden Floor Pack/Materials
  artifactKey: Guid(823577bfc22dbd8408bcd784df97cfed) Importer(815301076,1909f56bfc062723c751e8b465ee728b)
Start importing Assets/Free/Wooden Floor Pack/Materials using Guid(823577bfc22dbd8408bcd784df97cfed) Importer(815301076,1909f56bfc062723c751e8b465ee728b)  -> (artifact id: '57c6fb10e338511b8baef1fea2f38f60') in 0.000867 seconds 
========================================================================
Received Import Request.
  Time since last request: 0.071040 seconds.
  path: Assets/Free/Wooden Floor Pack/Materials/Wooden Floor 2.mat
  artifactKey: Guid(7e57d6bb6a6a1b74795062b56af48f40) Importer(815301076,1909f56bfc062723c751e8b465ee728b)
Start importing Assets/Free/Wooden Floor Pack/Materials/Wooden Floor 2.mat using Guid(7e57d6bb6a6a1b74795062b56af48f40) Importer(815301076,1909f56bfc062723c751e8b465ee728b)  -> (artifact id: 'bb520b5ddd0f54197abbb550833d874a') in 0.321979 seconds 
========================================================================
Received Import Request.
  Time since last request: 0.000046 seconds.
  path: Assets/Free/Wooden Floor Pack/Materials/Wooden Floor 4.mat
  artifactKey: Guid(b00045d5b284de34ea2e777e68ea2dfe) Importer(815301076,1909f56bfc062723c751e8b465ee728b)
Start importing Assets/Free/Wooden Floor Pack/Materials/Wooden Floor 4.mat using Guid(b00045d5b284de34ea2e777e68ea2dfe) Importer(815301076,1909f56bfc062723c751e8b465ee728b)  -> (artifact id: '502c6397e266643da9513717cc6775e3') in 0.012920 seconds 
========================================================================
Received Import Request.
  Time since last request: 10.844654 seconds.
  path: Assets/Free/Wooden Floor Pack/Textures
  artifactKey: Guid(cb8eb2715f75fd749a4ef1d2a357ca53) Importer(815301076,1909f56bfc062723c751e8b465ee728b)
Start importing Assets/Free/Wooden Floor Pack/Textures using Guid(cb8eb2715f75fd749a4ef1d2a357ca53) Importer(815301076,1909f56bfc062723c751e8b465ee728b)  -> (artifact id: '647105a864084a62a36ffb144ed49bd1') in 0.001834 seconds 
========================================================================
Received Import Request.
  Time since last request: 1.282529 seconds.
  path: Assets/Free/Wooden Floor Pack/Textures/Wooden Floor
  artifactKey: Guid(41e485d614b14d64698328c400d3ae48) Importer(815301076,1909f56bfc062723c751e8b465ee728b)
Start importing Assets/Free/Wooden Floor Pack/Textures/Wooden Floor using Guid(41e485d614b14d64698328c400d3ae48) Importer(815301076,1909f56bfc062723c751e8b465ee728b)  -> (artifact id: 'f651714e37c734f152ee3f6acfd722f4') in 0.000753 seconds 
========================================================================
Received Import Request.
  Time since last request: 0.047909 seconds.
  path: Assets/Free/Wooden Floor Pack/Textures/Wooden Floor/Wooden Floor_4K_Albedo.tga
  artifactKey: Guid(8e343a29d61854e4ea2e2d3a6d86f82c) Importer(815301076,1909f56bfc062723c751e8b465ee728b)
Start importing Assets/Free/Wooden Floor Pack/Textures/Wooden Floor/Wooden Floor_4K_Albedo.tga using Guid(8e343a29d61854e4ea2e2d3a6d86f82c) Importer(815301076,1909f56bfc062723c751e8b465ee728b)  -> (artifact id: '994bc3af3b3742e2c5191b23a55dec59') in 0.499451 seconds 
========================================================================
Received Import Request.
  Time since last request: 0.000032 seconds.
  path: Assets/Free/Wooden Floor Pack/Textures/Wooden Floor/Wooden Floor_4K_Gloss.tga
  artifactKey: Guid(f5e6c3e070d732c47bc9f7b02c519e31) Importer(815301076,1909f56bfc062723c751e8b465ee728b)
Start importing Assets/Free/Wooden Floor Pack/Textures/Wooden Floor/Wooden Floor_4K_Gloss.tga using Guid(f5e6c3e070d732c47bc9f7b02c519e31) Importer(815301076,1909f56bfc062723c751e8b465ee728b)  -> (artifact id: '747457fda5e0ebc5351e5a7aa195f549') in 0.009005 seconds 
========================================================================
Received Import Request.
  Time since last request: 0.000022 seconds.
  path: Assets/Free/Wooden Floor Pack/Textures/Wooden Floor/Wooden Floor_4K_Normal.tga
  artifactKey: Guid(3dd2c9f9f13e2984fb0a63f13569bf18) Importer(815301076,1909f56bfc062723c751e8b465ee728b)
Start importing Assets/Free/Wooden Floor Pack/Textures/Wooden Floor/Wooden Floor_4K_Normal.tga using Guid(3dd2c9f9f13e2984fb0a63f13569bf18) Importer(815301076,1909f56bfc062723c751e8b465ee728b)  -> (artifact id: '2558b59a52e3d0da855d654b51663078') in 0.034144 seconds 
========================================================================
Received Import Request.
  Time since last request: 17.067441 seconds.
  path: Assets/Free/Wooden Floor Pack/Demo
  artifactKey: Guid(047f9dacd80dd7b47bbc319f1965f5ce) Importer(815301076,1909f56bfc062723c751e8b465ee728b)
Start importing Assets/Free/Wooden Floor Pack/Demo using Guid(047f9dacd80dd7b47bbc319f1965f5ce) Importer(815301076,1909f56bfc062723c751e8b465ee728b)  -> (artifact id: '4ac6aeb17cd8cdb5d6564f74909e56aa') in 0.001291 seconds 
========================================================================
Received Import Request.
  Time since last request: 0.970784 seconds.
  path: Assets/Free/Wooden Floor Pack/Demo/Floor Demo.unity
  artifactKey: Guid(e0eb03a59338dc442b592554c118da79) Importer(815301076,1909f56bfc062723c751e8b465ee728b)
Start importing Assets/Free/Wooden Floor Pack/Demo/Floor Demo.unity using Guid(e0eb03a59338dc442b592554c118da79) Importer(815301076,1909f56bfc062723c751e8b465ee728b)  -> (artifact id: 'faafdbede3253a8303fca01539badb20') in 0.000834 seconds 
========================================================================
Received Import Request.
  Time since last request: 264.664037 seconds.
  path: Assets/Free/Wooden Floor Pack/Textures/Wooden Floor2/Wooden Floor2_4K_Albedo.tga
  artifactKey: Guid(bf20028737caea2408056161cb347fa9) Importer(815301076,1909f56bfc062723c751e8b465ee728b)
Start importing Assets/Free/Wooden Floor Pack/Textures/Wooden Floor2/Wooden Floor2_4K_Albedo.tga using Guid(bf20028737caea2408056161cb347fa9) Importer(815301076,1909f56bfc062723c751e8b465ee728b)  -> (artifact id: 'd370e1d83e2f6c17ada864c175ec19f8') in 0.015574 seconds 
========================================================================
Received Import Request.
  Time since last request: 0.000068 seconds.
  path: Assets/Free/Wooden Floor Pack/Textures/Wooden Floor2/Wooden Floor2_4K_Normal.tga
  artifactKey: Guid(a30d68615ce3b244d8f5262280bf3d81) Importer(815301076,1909f56bfc062723c751e8b465ee728b)
Start importing Assets/Free/Wooden Floor Pack/Textures/Wooden Floor2/Wooden Floor2_4K_Normal.tga using Guid(a30d68615ce3b244d8f5262280bf3d81) Importer(815301076,1909f56bfc062723c751e8b465ee728b)  -> (artifact id: 'a19534fd0b9ad6212b0c1474723bc5a3') in 0.010326 seconds 
========================================================================
Received Import Request.
  Time since last request: 0.000040 seconds.
  path: Assets/Free/Wooden Floor Pack/Textures/Wooden Floor2/Wooden Floor2_4K_Gloss.tga
  artifactKey: Guid(167cead128e3a7648a4cf839716af3bf) Importer(815301076,1909f56bfc062723c751e8b465ee728b)
Start importing Assets/Free/Wooden Floor Pack/Textures/Wooden Floor2/Wooden Floor2_4K_Gloss.tga using Guid(167cead128e3a7648a4cf839716af3bf) Importer(815301076,1909f56bfc062723c751e8b465ee728b)  -> (artifact id: 'e52b5f90a0860d862dd5a4e3eae6b90b') in 0.009433 seconds 
========================================================================
Received Import Request.
  Time since last request: 2.469702 seconds.
  path: Assets/Free/Wooden Floor Pack/Textures/Wooden Floor3/Wooden Floor3_4K_Albedo.tga
  artifactKey: Guid(da92a2728ea126944b4cf518d141d499) Importer(815301076,1909f56bfc062723c751e8b465ee728b)
Start importing Assets/Free/Wooden Floor Pack/Textures/Wooden Floor3/Wooden Floor3_4K_Albedo.tga using Guid(da92a2728ea126944b4cf518d141d499) Importer(815301076,1909f56bfc062723c751e8b465ee728b)  -> (artifact id: '2d603587da5ba96af3a674a821537ed9') in 0.013137 seconds 
========================================================================
Received Import Request.
  Time since last request: 0.000060 seconds.
  path: Assets/Free/Wooden Floor Pack/Textures/Wooden Floor3/Wooden Floor3_4K_Roughness.tga
  artifactKey: Guid(a752bb8b426c8df4493608bae16acc3d) Importer(815301076,1909f56bfc062723c751e8b465ee728b)
Start importing Assets/Free/Wooden Floor Pack/Textures/Wooden Floor3/Wooden Floor3_4K_Roughness.tga using Guid(a752bb8b426c8df4493608bae16acc3d) Importer(815301076,1909f56bfc062723c751e8b465ee728b)  -> (artifact id: '1a3a257799e937caf592c7bb399540fd') in 0.009076 seconds 
========================================================================
Received Import Request.
  Time since last request: 0.000093 seconds.
  path: Assets/Free/Wooden Floor Pack/Textures/Wooden Floor3/Wooden Floor3_4K_Gloss.tga
  artifactKey: Guid(2d48024116e45de41a2b9278769a9750) Importer(815301076,1909f56bfc062723c751e8b465ee728b)
Start importing Assets/Free/Wooden Floor Pack/Textures/Wooden Floor3/Wooden Floor3_4K_Gloss.tga using Guid(2d48024116e45de41a2b9278769a9750) Importer(815301076,1909f56bfc062723c751e8b465ee728b)  -> (artifact id: 'd2872cac6b1e8244c31e6453fcc0fd0a') in 0.008995 seconds 
========================================================================
Received Import Request.
  Time since last request: 1.265865 seconds.
  path: Assets/Free/Wooden Floor Pack/Textures/Wooden Floor4/Wooden Floor4_4K_Albedo.tga
  artifactKey: Guid(2e6def63d1fafb343bf48225c300ba1c) Importer(815301076,1909f56bfc062723c751e8b465ee728b)
Start importing Assets/Free/Wooden Floor Pack/Textures/Wooden Floor4/Wooden Floor4_4K_Albedo.tga using Guid(2e6def63d1fafb343bf48225c300ba1c) Importer(815301076,1909f56bfc062723c751e8b465ee728b)  -> (artifact id: 'e5dc676e29a94fd25b28df8c771b60dc') in 0.016318 seconds 
========================================================================
Received Import Request.
  Time since last request: 0.000059 seconds.
  path: Assets/Free/Wooden Floor Pack/Textures/Wooden Floor4/Wooden Floor4_4K_Normal.tga
  artifactKey: Guid(9287eaf9eef52cd478b385868bfd69d5) Importer(815301076,1909f56bfc062723c751e8b465ee728b)
Start importing Assets/Free/Wooden Floor Pack/Textures/Wooden Floor4/Wooden Floor4_4K_Normal.tga using Guid(9287eaf9eef52cd478b385868bfd69d5) Importer(815301076,1909f56bfc062723c751e8b465ee728b)  -> (artifact id: '08c639a5745a4e58b104bb51db5e0383') in 0.009369 seconds 
========================================================================
Received Import Request.
  Time since last request: 0.000045 seconds.
  path: Assets/Free/Wooden Floor Pack/Textures/Wooden Floor4/Wooden Floor4_4K_Roughness.tga
  artifactKey: Guid(e5865b4597541db418784f35889a2e40) Importer(815301076,1909f56bfc062723c751e8b465ee728b)
Start importing Assets/Free/Wooden Floor Pack/Textures/Wooden Floor4/Wooden Floor4_4K_Roughness.tga using Guid(e5865b4597541db418784f35889a2e40) Importer(815301076,1909f56bfc062723c751e8b465ee728b)  -> (artifact id: 'be3c68e073666f817efe45431268d59c') in 0.007783 seconds 
========================================================================
Received Import Request.
  Time since last request: 175.771559 seconds.
  path: Assets/Materials 1/Wooden Floor 4.mat
  artifactKey: Guid(b00045d5b284de34ea2e777e68ea2dfe) Importer(815301076,1909f56bfc062723c751e8b465ee728b)
Start importing Assets/Materials 1/Wooden Floor 4.mat using Guid(b00045d5b284de34ea2e777e68ea2dfe) Importer(815301076,1909f56bfc062723c751e8b465ee728b)  -> (artifact id: '6d4cd66fe4a1d4bb04e7701243e05c18') in 0.247074 seconds 
========================================================================
Received Import Request.
  Time since last request: 16.143883 seconds.
  path: Assets/Materials 1/floor.mat
  artifactKey: Guid(b00045d5b284de34ea2e777e68ea2dfe) Importer(815301076,1909f56bfc062723c751e8b465ee728b)
Start importing Assets/Materials 1/floor.mat using Guid(b00045d5b284de34ea2e777e68ea2dfe) Importer(815301076,1909f56bfc062723c751e8b465ee728b)  -> (artifact id: '4ecc24eb59fbca9a95a4125f55e45ed3') in 0.007290 seconds 
========================================================================
Received Import Request.
  Time since last request: 371.017999 seconds.
  path: Assets/Room/Materials
  artifactKey: Guid(71e1bf6f8d017e548ae7a1231cdcaa43) Importer(815301076,1909f56bfc062723c751e8b465ee728b)
Start importing Assets/Room/Materials using Guid(71e1bf6f8d017e548ae7a1231cdcaa43) Importer(815301076,1909f56bfc062723c751e8b465ee728b)  -> (artifact id: '39b762e3a4704f98cef2bf60eb94f08f') in 0.000989 seconds 
========================================================================
Received Import Request.
  Time since last request: 1.587904 seconds.
  path: Assets/Room/Materials/Cb.mat
  artifactKey: Guid(e15b217798edf31438aa89a657069520) Importer(815301076,1909f56bfc062723c751e8b465ee728b)
Start importing Assets/Room/Materials/Cb.mat using Guid(e15b217798edf31438aa89a657069520) Importer(815301076,1909f56bfc062723c751e8b465ee728b)  -> (artifact id: '309d7e86b8432fd79157b363ae17ce97') in 0.009672 seconds 
========================================================================
Received Import Request.
  Time since last request: 0.000051 seconds.
  path: Assets/Room/Materials/door texture 3.mat
  artifactKey: Guid(0125ca191f4148048a1c1ac3f5604a7a) Importer(815301076,1909f56bfc062723c751e8b465ee728b)
Start importing Assets/Room/Materials/door texture 3.mat using Guid(0125ca191f4148048a1c1ac3f5604a7a) Importer(815301076,1909f56bfc062723c751e8b465ee728b)  -> (artifact id: '81b7b50ce02589a40a3272f09d95083b') in 0.006638 seconds 
========================================================================
Received Import Request.
  Time since last request: 0.000044 seconds.
  path: Assets/Room/Materials/emesive.mat
  artifactKey: Guid(87124d99a2e036247997145a1e6ebe65) Importer(815301076,1909f56bfc062723c751e8b465ee728b)
Start importing Assets/Room/Materials/emesive.mat using Guid(87124d99a2e036247997145a1e6ebe65) Importer(815301076,1909f56bfc062723c751e8b465ee728b)  -> (artifact id: '53041bed809a1ed3a1d26618b3ca3e4d') in 0.020557 seconds 
========================================================================
Received Import Request.
  Time since last request: 0.000056 seconds.
  path: Assets/Room/Materials/TexturesCom_WoodFine0003_seamless_S.mat
  artifactKey: Guid(1c46437e882e4c94795a67bf556442e6) Importer(815301076,1909f56bfc062723c751e8b465ee728b)
Start importing Assets/Room/Materials/TexturesCom_WoodFine0003_seamless_S.mat using Guid(1c46437e882e4c94795a67bf556442e6) Importer(815301076,1909f56bfc062723c751e8b465ee728b)  -> (artifact id: 'bb6e9052f8e02f1ea43c97bcb376d766') in 0.004627 seconds 
========================================================================
Received Import Request.
  Time since last request: 0.000037 seconds.
  path: Assets/Room/Materials/the chandelier hand.mat
  artifactKey: Guid(35d4f1a86e2a24a4bba528520bf472ed) Importer(815301076,1909f56bfc062723c751e8b465ee728b)
Start importing Assets/Room/Materials/the chandelier hand.mat using Guid(35d4f1a86e2a24a4bba528520bf472ed) Importer(815301076,1909f56bfc062723c751e8b465ee728b)  -> (artifact id: '964ac71ea1eb915716b6ce2dad21118b') in 0.004481 seconds 
========================================================================
Received Import Request.
  Time since last request: 0.000037 seconds.
  path: Assets/Room/Materials/door texture 2.mat
  artifactKey: Guid(e8815d90ef87b1a41b65ccf137bc03a2) Importer(815301076,1909f56bfc062723c751e8b465ee728b)
Start importing Assets/Room/Materials/door texture 2.mat using Guid(e8815d90ef87b1a41b65ccf137bc03a2) Importer(815301076,1909f56bfc062723c751e8b465ee728b)  -> (artifact id: '1056c54da283b5cd76ce5b34f5b60be5') in 0.003941 seconds 
========================================================================
Received Import Request.
  Time since last request: 0.000033 seconds.
  path: Assets/Room/Materials/door.mat
  artifactKey: Guid(fd469ad073511c04993da31368543b44) Importer(815301076,1909f56bfc062723c751e8b465ee728b)
Start importing Assets/Room/Materials/door.mat using Guid(fd469ad073511c04993da31368543b44) Importer(815301076,1909f56bfc062723c751e8b465ee728b)  -> (artifact id: 'c4ce8388a29cfeb0faeec23f45c5e52b') in 0.003649 seconds 
========================================================================
Received Import Request.
  Time since last request: 0.000031 seconds.
  path: Assets/Room/Materials/door texture 4.mat
  artifactKey: Guid(a25d892bb22a044409043626140860f1) Importer(815301076,1909f56bfc062723c751e8b465ee728b)
Start importing Assets/Room/Materials/door texture 4.mat using Guid(a25d892bb22a044409043626140860f1) Importer(815301076,1909f56bfc062723c751e8b465ee728b)  -> (artifact id: '1905c99d73c997099a9c663ca56a8f9d') in 0.003695 seconds 
========================================================================
Received Import Request.
  Time since last request: 8.139805 seconds.
  path: Assets/Room/scenes
  artifactKey: Guid(0fb9b854d5f9870428d61d0771dea6e7) Importer(815301076,1909f56bfc062723c751e8b465ee728b)
Start importing Assets/Room/scenes using Guid(0fb9b854d5f9870428d61d0771dea6e7) Importer(815301076,1909f56bfc062723c751e8b465ee728b)  -> (artifact id: '474137e6602d5ff17cc7bc7c9717ccc5') in 0.001246 seconds 
========================================================================
Received Import Request.
  Time since last request: 1.050175 seconds.
  path: Assets/Room/scenes/the last revelation.unity
  artifactKey: Guid(fffc368ce7c545240a157d1fa3ce0e97) Importer(815301076,1909f56bfc062723c751e8b465ee728b)
Start importing Assets/Room/scenes/the last revelation.unity using Guid(fffc368ce7c545240a157d1fa3ce0e97) Importer(815301076,1909f56bfc062723c751e8b465ee728b)  -> (artifact id: '7a95a621135a43662ddaf3c5a87ab84f') in 0.001062 seconds 
========================================================================
Received Import Request.
  Time since last request: 23.579961 seconds.
  path: Assets/Room/models/Materials/A01.mat
  artifactKey: Guid(c45b8d34f53ece14a8dbdaecb6f06ccb) Importer(815301076,1909f56bfc062723c751e8b465ee728b)
Start importing Assets/Room/models/Materials/A01.mat using Guid(c45b8d34f53ece14a8dbdaecb6f06ccb) Importer(815301076,1909f56bfc062723c751e8b465ee728b)  -> (artifact id: '5c6039bc145b0cc8ba16324c65d48505') in 0.010946 seconds 
========================================================================
Received Import Request.
  Time since last request: 0.000148 seconds.
  path: Assets/Room/models/Materials/ground tiles.002.mat
  artifactKey: Guid(270457704e219f0489c7b7896960198b) Importer(815301076,1909f56bfc062723c751e8b465ee728b)
Start importing Assets/Room/models/Materials/ground tiles.002.mat using Guid(270457704e219f0489c7b7896960198b) Importer(815301076,1909f56bfc062723c751e8b465ee728b)  -> (artifact id: 'dc2639b701629ad7c33a90a152185779') in 0.006470 seconds 
========================================================================
Received Import Request.
  Time since last request: 0.000058 seconds.
  path: Assets/Room/models/Materials/Material.045.mat
  artifactKey: Guid(bc1611b7dad0f904b966b49a160689e5) Importer(815301076,1909f56bfc062723c751e8b465ee728b)
Start importing Assets/Room/models/Materials/Material.045.mat using Guid(bc1611b7dad0f904b966b49a160689e5) Importer(815301076,1909f56bfc062723c751e8b465ee728b)  -> (artifact id: '2fe487a3952c3d69e90507e4b1197261') in 0.009105 seconds 
========================================================================
Received Import Request.
  Time since last request: 0.000051 seconds.
  path: Assets/Room/models/Materials/fine_wood.018.mat
  artifactKey: Guid(9347ba84cbba4dc408e255a0559d8b16) Importer(815301076,1909f56bfc062723c751e8b465ee728b)
Start importing Assets/Room/models/Materials/fine_wood.018.mat using Guid(9347ba84cbba4dc408e255a0559d8b16) Importer(815301076,1909f56bfc062723c751e8b465ee728b)  -> (artifact id: '72131d1990e2fa568d881b0218005334') in 0.006651 seconds 
========================================================================
Received Import Request.
  Time since last request: 0.000033 seconds.
  path: Assets/Room/models/Materials/pilers.mat
  artifactKey: Guid(62388e5ec2aa72140b0bcdef772abe30) Importer(815301076,1909f56bfc062723c751e8b465ee728b)
Start importing Assets/Room/models/Materials/pilers.mat using Guid(62388e5ec2aa72140b0bcdef772abe30) Importer(815301076,1909f56bfc062723c751e8b465ee728b)  -> (artifact id: 'eb2470db2ce78bd879fb88192903898e') in 0.008089 seconds 
========================================================================
Received Import Request.
  Time since last request: 0.000048 seconds.
  path: Assets/Room/models/Materials/booksonthecase.013.mat
  artifactKey: Guid(3b760381a929975449ed2b04ba33000c) Importer(815301076,1909f56bfc062723c751e8b465ee728b)
Start importing Assets/Room/models/Materials/booksonthecase.013.mat using Guid(3b760381a929975449ed2b04ba33000c) Importer(815301076,1909f56bfc062723c751e8b465ee728b)  -> (artifact id: 'ac20816f0a541f623463222f86d6cfc9') in 0.010715 seconds 
========================================================================
Received Import Request.
  Time since last request: 0.000048 seconds.
  path: Assets/Room/models/Materials/border.001.mat
  artifactKey: Guid(088fbc587643d6942adfcecaa655c611) Importer(815301076,1909f56bfc062723c751e8b465ee728b)
Start importing Assets/Room/models/Materials/border.001.mat using Guid(088fbc587643d6942adfcecaa655c611) Importer(815301076,1909f56bfc062723c751e8b465ee728b)  -> (artifact id: '70a0d39de43ea9f564ea7f28d711e6b4') in 0.006944 seconds 
========================================================================
Received Import Request.
  Time since last request: 0.000025 seconds.
  path: Assets/Room/models/Materials/candel_yelosh.001.mat
  artifactKey: Guid(ec60be75b5633914988fbe6ff201069d) Importer(815301076,1909f56bfc062723c751e8b465ee728b)
Start importing Assets/Room/models/Materials/candel_yelosh.001.mat using Guid(ec60be75b5633914988fbe6ff201069d) Importer(815301076,1909f56bfc062723c751e8b465ee728b)  -> (artifact id: '667876850b0456791566196f7c9dcf22') in 0.007735 seconds 
========================================================================
Received Import Request.
  Time since last request: 0.000047 seconds.
  path: Assets/Room/models/Materials/ground tiles.000.mat
  artifactKey: Guid(048a3b5e98a7dd342ac2af39c2226308) Importer(815301076,1909f56bfc062723c751e8b465ee728b)
Start importing Assets/Room/models/Materials/ground tiles.000.mat using Guid(048a3b5e98a7dd342ac2af39c2226308) Importer(815301076,1909f56bfc062723c751e8b465ee728b)  -> (artifact id: '485074f6564292aba624b272479cc45c') in 0.011491 seconds 
========================================================================
Received Import Request.
  Time since last request: 0.000045 seconds.
  path: Assets/Room/models/Materials/candel_yelosh.018.mat
  artifactKey: Guid(c98325a2c3a80174fa8737923a4f37e3) Importer(815301076,1909f56bfc062723c751e8b465ee728b)
Start importing Assets/Room/models/Materials/candel_yelosh.018.mat using Guid(c98325a2c3a80174fa8737923a4f37e3) Importer(815301076,1909f56bfc062723c751e8b465ee728b)  -> (artifact id: 'a1d4f548dc288a87ad3b18113b985ab3') in 0.006498 seconds 
========================================================================
Received Import Request.
  Time since last request: 0.000050 seconds.
  path: Assets/Room/models/Materials/border.000.mat
  artifactKey: Guid(bc6c215b29b47a442bac68c7ac62f85b) Importer(815301076,1909f56bfc062723c751e8b465ee728b)
Start importing Assets/Room/models/Materials/border.000.mat using Guid(bc6c215b29b47a442bac68c7ac62f85b) Importer(815301076,1909f56bfc062723c751e8b465ee728b)  -> (artifact id: '0445bb0f80c4b542b4ef40af5f8f7139') in 0.011026 seconds 
========================================================================
Received Import Request.
  Time since last request: 0.000063 seconds.
  path: Assets/Room/models/Materials/bookcasewood.007.mat
  artifactKey: Guid(fef95fe0131c5cc46bcf8b70697ff31f) Importer(815301076,1909f56bfc062723c751e8b465ee728b)
Start importing Assets/Room/models/Materials/bookcasewood.007.mat using Guid(fef95fe0131c5cc46bcf8b70697ff31f) Importer(815301076,1909f56bfc062723c751e8b465ee728b)  -> (artifact id: '0a4fe9cc0d63fbb740632c5da66f4486') in 0.006549 seconds 
========================================================================
Received Import Request.
  Time since last request: 0.000042 seconds.
  path: Assets/Room/models/Materials/glass.001.mat
  artifactKey: Guid(76677ca150aae454d95177dcb9ed322c) Importer(815301076,1909f56bfc062723c751e8b465ee728b)
Start importing Assets/Room/models/Materials/glass.001.mat using Guid(76677ca150aae454d95177dcb9ed322c) Importer(815301076,1909f56bfc062723c751e8b465ee728b)  -> (artifact id: '887b8879eb69d5c3afa5752ea91bba1d') in 0.005908 seconds 
========================================================================
Received Import Request.
  Time since last request: 0.000041 seconds.
  path: Assets/Room/models/Materials/door.000.mat
  artifactKey: Guid(f0c7c4bfeea72494fb8866654e213164) Importer(815301076,1909f56bfc062723c751e8b465ee728b)
Start importing Assets/Room/models/Materials/door.000.mat using Guid(f0c7c4bfeea72494fb8866654e213164) Importer(815301076,1909f56bfc062723c751e8b465ee728b)  -> (artifact id: 'ce20a4f0753e98254623d9f9a9faae3e') in 0.004847 seconds 
========================================================================
Received Import Request.
  Time since last request: 0.000058 seconds.
  path: Assets/Room/models/Materials/door.002.mat
  artifactKey: Guid(da799801e89469c4686b8bcc1965c7f4) Importer(815301076,1909f56bfc062723c751e8b465ee728b)
Start importing Assets/Room/models/Materials/door.002.mat using Guid(da799801e89469c4686b8bcc1965c7f4) Importer(815301076,1909f56bfc062723c751e8b465ee728b)  -> (artifact id: 'a53912395cf43ecd49a45d8a865b78fa') in 0.005958 seconds 
========================================================================
Received Import Request.
  Time since last request: 2.878156 seconds.
  path: Assets/Room/prefabs/book.prefab
  artifactKey: Guid(f5a1bb1bf8641274c88db4c73f943ae4) Importer(815301076,1909f56bfc062723c751e8b465ee728b)
Start importing Assets/Room/prefabs/book.prefab using Guid(f5a1bb1bf8641274c88db4c73f943ae4) Importer(815301076,1909f56bfc062723c751e8b465ee728b)  -> (artifact id: 'b7de5cd12bbb91cfbfe344a8f9335b1b') in 0.241040 seconds 
========================================================================
Received Import Request.
  Time since last request: 0.000042 seconds.
  path: Assets/Room/prefabs/candle.prefab
  artifactKey: Guid(9d012b73caba62246906034d78994c42) Importer(815301076,1909f56bfc062723c751e8b465ee728b)
Start importing Assets/Room/prefabs/candle.prefab using Guid(9d012b73caba62246906034d78994c42) Importer(815301076,1909f56bfc062723c751e8b465ee728b)  -> (artifact id: '6e0f15f8929050e9fbf979b200927273') in 0.005767 seconds 
========================================================================
Received Import Request.
  Time since last request: 0.000061 seconds.
  path: Assets/Room/prefabs/tabel.prefab
  artifactKey: Guid(a5ab52c5408d7e0499ce5e019116f6e3) Importer(815301076,1909f56bfc062723c751e8b465ee728b)
Start importing Assets/Room/prefabs/tabel.prefab using Guid(a5ab52c5408d7e0499ce5e019116f6e3) Importer(815301076,1909f56bfc062723c751e8b465ee728b)  -> (artifact id: 'eb5330f5c12a0e38c65bf926d4587555') in 0.255391 seconds 
========================================================================
Received Import Request.
  Time since last request: 0.769248 seconds.
  path: Assets/Room/Settings/post proscessing 1.PNG
  artifactKey: Guid(682b8dad83672a748849701458c993e9) Importer(815301076,1909f56bfc062723c751e8b465ee728b)
Start importing Assets/Room/Settings/post proscessing 1.PNG using Guid(682b8dad83672a748849701458c993e9) Importer(815301076,1909f56bfc062723c751e8b465ee728b)  -> (artifact id: 'aac90273b0468f7dd0c8bd7d6a93b079') in 0.060271 seconds 
========================================================================
Received Import Request.
  Time since last request: 0.000033 seconds.
  path: Assets/Room/Settings/post proscessing 3.PNG
  artifactKey: Guid(1891c819ebf8b4d408bd1c70e11b9019) Importer(815301076,1909f56bfc062723c751e8b465ee728b)
Start importing Assets/Room/Settings/post proscessing 3.PNG using Guid(1891c819ebf8b4d408bd1c70e11b9019) Importer(815301076,1909f56bfc062723c751e8b465ee728b)  -> (artifact id: 'cadc6483344d75e969cb6951ca1cda97') in 0.005304 seconds 
========================================================================
Received Import Request.
  Time since last request: 1.835655 seconds.
  path: Assets/Room/textures/Cb.png
  artifactKey: Guid(1ca01bc7f960ca449a698c5a51af9f43) Importer(815301076,1909f56bfc062723c751e8b465ee728b)
Start importing Assets/Room/textures/Cb.png using Guid(1ca01bc7f960ca449a698c5a51af9f43) Importer(815301076,1909f56bfc062723c751e8b465ee728b)  -> (artifact id: '7a7db8988add21ee5ab9009e2bdcf5f7') in 0.050085 seconds 
========================================================================
Received Import Request.
  Time since last request: 2.610435 seconds.
  path: Assets/Room/models/book.fbx
  artifactKey: Guid(4770919e9ec5899458cbe54c017216ac) Importer(815301076,1909f56bfc062723c751e8b465ee728b)
Start importing Assets/Room/models/book.fbx using Guid(4770919e9ec5899458cbe54c017216ac) Importer(815301076,1909f56bfc062723c751e8b465ee728b)  -> (artifact id: '1b3803f9b1f43a2f630f0c0b448d0dec') in 0.027970 seconds 
========================================================================
Received Import Request.
  Time since last request: 0.000036 seconds.
  path: Assets/Room/models/CHs0.fbx
  artifactKey: Guid(832b6acb90e621649bd235e3afe58c71) Importer(815301076,1909f56bfc062723c751e8b465ee728b)
Start importing Assets/Room/models/CHs0.fbx using Guid(832b6acb90e621649bd235e3afe58c71) Importer(815301076,1909f56bfc062723c751e8b465ee728b)  -> (artifact id: 'b9a7c14a9472a985e41344ce47270e57') in 0.021853 seconds 
========================================================================
Received Import Request.
  Time since last request: 0.000055 seconds.
  path: Assets/Room/models/pillars 00.fbx
  artifactKey: Guid(63cced25a7a17994cb6e3cbd9f1059b9) Importer(815301076,1909f56bfc062723c751e8b465ee728b)
Start importing Assets/Room/models/pillars 00.fbx using Guid(63cced25a7a17994cb6e3cbd9f1059b9) Importer(815301076,1909f56bfc062723c751e8b465ee728b)  -> (artifact id: 'd9035e311a07f3afcbc2e1daf3252e1c') in 0.012067 seconds 
========================================================================
Received Import Request.
  Time since last request: 0.000046 seconds.
  path: Assets/Room/models/chair 00.fbx .fbx
  artifactKey: Guid(cff28c00b06ee6746b7a1a0ef634ad96) Importer(815301076,1909f56bfc062723c751e8b465ee728b)
Start importing Assets/Room/models/chair 00.fbx .fbx using Guid(cff28c00b06ee6746b7a1a0ef634ad96) Importer(815301076,1909f56bfc062723c751e8b465ee728b)  -> (artifact id: '55946418d32bdf1b880e134c5458fe75') in 0.009963 seconds 
========================================================================
Received Import Request.
  Time since last request: 0.000035 seconds.
  path: Assets/Room/models/ground plane 00.fbx .fbx
  artifactKey: Guid(c88929eac760e754c8e57b415de43534) Importer(815301076,1909f56bfc062723c751e8b465ee728b)
Start importing Assets/Room/models/ground plane 00.fbx .fbx using Guid(c88929eac760e754c8e57b415de43534) Importer(815301076,1909f56bfc062723c751e8b465ee728b)  -> (artifact id: 'c6c1919f5f062728aee4df0325c28c81') in 0.005681 seconds 
========================================================================
Received Import Request.
  Time since last request: 0.000034 seconds.
  path: Assets/Room/models/window 00.fbx .fbx
  artifactKey: Guid(d1211c57c6e550e4fb88ec23f0e74b18) Importer(815301076,1909f56bfc062723c751e8b465ee728b)
Start importing Assets/Room/models/window 00.fbx .fbx using Guid(d1211c57c6e550e4fb88ec23f0e74b18) Importer(815301076,1909f56bfc062723c751e8b465ee728b)  -> (artifact id: 'a109ecb4062df2af756f194602ce9dd6') in 0.025270 seconds 
========================================================================
Received Import Request.
  Time since last request: 0.000035 seconds.
  path: Assets/Room/models/table 00.fbx .fbx
  artifactKey: Guid(c145519af80f28c45b8282ea9f4b96d9) Importer(815301076,1909f56bfc062723c751e8b465ee728b)
Start importing Assets/Room/models/table 00.fbx .fbx using Guid(c145519af80f28c45b8282ea9f4b96d9) Importer(815301076,1909f56bfc062723c751e8b465ee728b)  -> (artifact id: 'b676661b4bf03d383338d342fce052e6') in 0.009482 seconds 
========================================================================
Received Import Request.
  Time since last request: 0.000029 seconds.
  path: Assets/Room/models/chandiler.fbx
  artifactKey: Guid(39e174bc5459ec44f9f5e732a11cd5b6) Importer(815301076,1909f56bfc062723c751e8b465ee728b)
Start importing Assets/Room/models/chandiler.fbx using Guid(39e174bc5459ec44f9f5e732a11cd5b6) Importer(815301076,1909f56bfc062723c751e8b465ee728b)  -> (artifact id: '25a37a35fe2785f0312c67b5991a0a42') in 0.034608 seconds 
========================================================================
Received Import Request.
  Time since last request: 171.326665 seconds.
  path: Assets/Room/textures/chiar/Materials/wood the tabel and chaer.002_Base_Color.mat
  artifactKey: Guid(4ca043d121adf6542804680b791b8201) Importer(815301076,1909f56bfc062723c751e8b465ee728b)
Start importing Assets/Room/textures/chiar/Materials/wood the tabel and chaer.002_Base_Color.mat using Guid(4ca043d121adf6542804680b791b8201) Importer(815301076,1909f56bfc062723c751e8b465ee728b)  -> (artifact id: 'c12fea139435b2a28a146470a1bf58d0') in 0.236916 seconds 
========================================================================
Received Import Request.
  Time since last request: 0.000039 seconds.
  path: Assets/Room/textures/table/wood the tabel and chaer_Base_Color.png
  artifactKey: Guid(59057fcbbe3585e4aac8d2878384dffe) Importer(815301076,1909f56bfc062723c751e8b465ee728b)
Start importing Assets/Room/textures/table/wood the tabel and chaer_Base_Color.png using Guid(59057fcbbe3585e4aac8d2878384dffe) Importer(815301076,1909f56bfc062723c751e8b465ee728b)  -> (artifact id: 'a3f21548aaa7266da61f086026c224bd') in 0.006074 seconds 
========================================================================
Received Import Request.
  Time since last request: 0.000034 seconds.
  path: Assets/Room/textures/chiar/wood the tabel and chaer.002_Mixed_AO.png
  artifactKey: Guid(88acd088206b6534ebd54c5b5f6e0cb8) Importer(815301076,1909f56bfc062723c751e8b465ee728b)
Start importing Assets/Room/textures/chiar/wood the tabel and chaer.002_Mixed_AO.png using Guid(88acd088206b6534ebd54c5b5f6e0cb8) Importer(815301076,1909f56bfc062723c751e8b465ee728b)  -> (artifact id: 'b1f8a349223eabbafabc0b3dfb9c1600') in 0.003289 seconds 
========================================================================
Received Import Request.
  Time since last request: 0.000039 seconds.
  path: Assets/Room/textures/table/wood the tabel and chaer_Normal_DirectX.png
  artifactKey: Guid(4503d8d9d36a5ef4fb23dfd14c0cf6cf) Importer(815301076,1909f56bfc062723c751e8b465ee728b)
Start importing Assets/Room/textures/table/wood the tabel and chaer_Normal_DirectX.png using Guid(4503d8d9d36a5ef4fb23dfd14c0cf6cf) Importer(815301076,1909f56bfc062723c751e8b465ee728b)  -> (artifact id: 'f1fefe1e1fca43ef936d51e22606deab') in 0.006047 seconds 
========================================================================
Received Import Request.
  Time since last request: 0.000033 seconds.
  path: Assets/Room/textures/chiar/wood the tabel and chaer.002_Height.png
  artifactKey: Guid(e23826739a3225b4f9d49f2d268bbfa2) Importer(815301076,1909f56bfc062723c751e8b465ee728b)
Start importing Assets/Room/textures/chiar/wood the tabel and chaer.002_Height.png using Guid(e23826739a3225b4f9d49f2d268bbfa2) Importer(815301076,1909f56bfc062723c751e8b465ee728b)  -> (artifact id: '1349cf9772c7104aaa8027adb10534ae') in 0.003610 seconds 
========================================================================
Received Import Request.
  Time since last request: 0.000037 seconds.
  path: Assets/Room/textures/chiar/wood the tabel and chaer.002_Normal_DirectX.png
  artifactKey: Guid(8fa8af0e9575a7345983c96007dfa169) Importer(815301076,1909f56bfc062723c751e8b465ee728b)
Start importing Assets/Room/textures/chiar/wood the tabel and chaer.002_Normal_DirectX.png using Guid(8fa8af0e9575a7345983c96007dfa169) Importer(815301076,1909f56bfc062723c751e8b465ee728b)  -> (artifact id: '60602ddb9ae6ff31ed2adf63912c4c4a') in 0.003800 seconds 
========================================================================
Received Import Request.
  Time since last request: 0.000040 seconds.
  path: Assets/Room/textures/chiar/Materials/wood the tabel and chaer.002_Normal_DirectX 1.mat
  artifactKey: Guid(fe8c34defa0f25344a981704b2e29b61) Importer(815301076,1909f56bfc062723c751e8b465ee728b)
Start importing Assets/Room/textures/chiar/Materials/wood the tabel and chaer.002_Normal_DirectX 1.mat using Guid(fe8c34defa0f25344a981704b2e29b61) Importer(815301076,1909f56bfc062723c751e8b465ee728b)  -> (artifact id: '55c870d17ba59aeec5f1dde44059bf85') in 0.005702 seconds 
========================================================================
Received Import Request.
  Time since last request: 0.000029 seconds.
  path: Assets/Room/textures/table/Materials/wood the tabel and chaer_Base_Color.mat
  artifactKey: Guid(6df9ad751b8703d4bbb8a9e6855c7e86) Importer(815301076,1909f56bfc062723c751e8b465ee728b)
Start importing Assets/Room/textures/table/Materials/wood the tabel and chaer_Base_Color.mat using Guid(6df9ad751b8703d4bbb8a9e6855c7e86) Importer(815301076,1909f56bfc062723c751e8b465ee728b)  -> (artifact id: 'c8bb6c68b19829c07c88ccec1cb1a152') in 0.006949 seconds 
========================================================================
Received Import Request.
  Time since last request: 0.000039 seconds.
  path: Assets/Room/textures/table/Materials/wood the tabel and chaer_Normal_DirectX 1.mat
  artifactKey: Guid(647ce9b401f69974388c76f13b0f7090) Importer(815301076,1909f56bfc062723c751e8b465ee728b)
Start importing Assets/Room/textures/table/Materials/wood the tabel and chaer_Normal_DirectX 1.mat using Guid(647ce9b401f69974388c76f13b0f7090) Importer(815301076,1909f56bfc062723c751e8b465ee728b)  -> (artifact id: 'a3f452bcd26e57d4a8b7249e8f196056') in 0.007734 seconds 
========================================================================
Received Import Request.
  Time since last request: 0.000036 seconds.
  path: Assets/Room/textures/chiar/wood the tabel and chaer.002_Normal.png
  artifactKey: Guid(687b17ee94e6d4f4fb442434c89c65ac) Importer(815301076,1909f56bfc062723c751e8b465ee728b)
Start importing Assets/Room/textures/chiar/wood the tabel and chaer.002_Normal.png using Guid(687b17ee94e6d4f4fb442434c89c65ac) Importer(815301076,1909f56bfc062723c751e8b465ee728b)  -> (artifact id: 'a5c82fb60a2655051ec55b5ba6dab499') in 0.005519 seconds 
========================================================================
Received Import Request.
  Time since last request: 0.000040 seconds.
  path: Assets/Room/textures/chiar/Materials/wood the tabel and chaer.002_Roughness.mat
  artifactKey: Guid(8d15305b83ff0f049919b4dbbcf4a11d) Importer(815301076,1909f56bfc062723c751e8b465ee728b)
Start importing Assets/Room/textures/chiar/Materials/wood the tabel and chaer.002_Roughness.mat using Guid(8d15305b83ff0f049919b4dbbcf4a11d) Importer(815301076,1909f56bfc062723c751e8b465ee728b)  -> (artifact id: '617d0db60bdb3a949ef134ba79bb0390') in 0.005613 seconds 
========================================================================
Received Import Request.
  Time since last request: 366.813496 seconds.
  path: Assets/Scenes/the last revelationSettings.lighting
  artifactKey: Guid(a8e47533d29594c3684d69712224b920) Importer(815301076,1909f56bfc062723c751e8b465ee728b)
Start importing Assets/Scenes/the last revelationSettings.lighting using Guid(a8e47533d29594c3684d69712224b920) Importer(815301076,1909f56bfc062723c751e8b465ee728b) The Progressive CPU lightmapper is not supported on Apple silicon, switching to the Progressive GPU lightmapper.
LightingSettings: switching bake backend from 2 to 1.
 -> (artifact id: '7e6bb43a66542190b7e45935bd283d75') in 0.034267 seconds 
========================================================================
Received Import Request.
  Time since last request: 6.227843 seconds.
  path: Assets/Scenes/the last revelation.unity
  artifactKey: Guid(fffc368ce7c545240a157d1fa3ce0e97) Importer(815301076,1909f56bfc062723c751e8b465ee728b)
Start importing Assets/Scenes/the last revelation.unity using Guid(fffc368ce7c545240a157d1fa3ce0e97) Importer(815301076,1909f56bfc062723c751e8b465ee728b)  -> (artifact id: '268c75f9a061a1e671bc63125a352b29') in 0.001456 seconds 
========================================================================
Received Import Request.
  Time since last request: 63.165121 seconds.
  path: Assets/Scenes/the last revelation.unity
  artifactKey: Guid(fffc368ce7c545240a157d1fa3ce0e97) Importer(815301076,1909f56bfc062723c751e8b465ee728b)
Start importing Assets/Scenes/the last revelation.unity using Guid(fffc368ce7c545240a157d1fa3ce0e97) Importer(815301076,1909f56bfc062723c751e8b465ee728b)  -> (artifact id: '05e1ee32842749b2f93a0b3c7a78197c') in 0.001286 seconds 
========================================================================
Received Import Request.
  Time since last request: 446.560863 seconds.
  path: Assets/Room/textures/table
  artifactKey: Guid(d055954e6d4edf4459c033c6603f418d) Importer(815301076,1909f56bfc062723c751e8b465ee728b)
Start importing Assets/Room/textures/table using Guid(d055954e6d4edf4459c033c6603f418d) Importer(815301076,1909f56bfc062723c751e8b465ee728b)  -> (artifact id: '196e4ca12eab51be5ee59987c27dbe4c') in 0.002066 seconds 
========================================================================
Received Import Request.
  Time since last request: 4.943487 seconds.
  path: Assets/Room/textures/table/Materials
  artifactKey: Guid(9875589283cfc99449ff5744c97ef5e7) Importer(815301076,1909f56bfc062723c751e8b465ee728b)
Start importing Assets/Room/textures/table/Materials using Guid(9875589283cfc99449ff5744c97ef5e7) Importer(815301076,1909f56bfc062723c751e8b465ee728b)  -> (artifact id: '3fc50cac3f3f173eec66b692f66e83ca') in 0.001140 seconds 
========================================================================
Received Import Request.
  Time since last request: 21.678276 seconds.
  path: Assets/Room/textures/pillars/Materials/pilers_Base_Color.mat
  artifactKey: Guid(20e57543ab535844ca584f2560e3b95b) Importer(815301076,1909f56bfc062723c751e8b465ee728b)
Start importing Assets/Room/textures/pillars/Materials/pilers_Base_Color.mat using Guid(20e57543ab535844ca584f2560e3b95b) Importer(815301076,1909f56bfc062723c751e8b465ee728b)  -> (artifact id: '961c99f9bafa978689466d8b61012fba') in 0.027377 seconds 
========================================================================
Received Import Request.
  Time since last request: 9.294913 seconds.
  path: Assets/Room/textures/floor/marble_1_basecolor.png
  artifactKey: Guid(1b5d37f7d9ff11f4da2a6afbbeb6956e) Importer(815301076,1909f56bfc062723c751e8b465ee728b)
Start importing Assets/Room/textures/floor/marble_1_basecolor.png using Guid(1b5d37f7d9ff11f4da2a6afbbeb6956e) Importer(815301076,1909f56bfc062723c751e8b465ee728b)  -> (artifact id: 'd018145e7915913f47902f852c6e495b') in 0.012308 seconds 
========================================================================
Received Import Request.
  Time since last request: 0.000047 seconds.
  path: Assets/Room/textures/floor/marble_1_metallic.png
  artifactKey: Guid(baa5e44ba29e40d43938dfbe07f20cde) Importer(815301076,1909f56bfc062723c751e8b465ee728b)
Start importing Assets/Room/textures/floor/marble_1_metallic.png using Guid(baa5e44ba29e40d43938dfbe07f20cde) Importer(815301076,1909f56bfc062723c751e8b465ee728b)  -> (artifact id: 'ab2f2359a73242528b7a79a249d5873c') in 0.007462 seconds 
========================================================================
Received Import Request.
  Time since last request: 0.000080 seconds.
  path: Assets/Room/textures/floor/marble_1_roughness.png
  artifactKey: Guid(1979c7757587fa14fa611fcd2f489241) Importer(815301076,1909f56bfc062723c751e8b465ee728b)
Start importing Assets/Room/textures/floor/marble_1_roughness.png using Guid(1979c7757587fa14fa611fcd2f489241) Importer(815301076,1909f56bfc062723c751e8b465ee728b)  -> (artifact id: '6ab40945b949fc57939ef9bd0148fca8') in 0.008863 seconds 
========================================================================
Received Import Request.
  Time since last request: 1.774284 seconds.
  path: Assets/Room/textures/floor/Materials/marble_1_basecolor.mat
  artifactKey: Guid(0a361588f2d772f4ea2bd15d37d1b3f3) Importer(815301076,1909f56bfc062723c751e8b465ee728b)
Start importing Assets/Room/textures/floor/Materials/marble_1_basecolor.mat using Guid(0a361588f2d772f4ea2bd15d37d1b3f3) Importer(815301076,1909f56bfc062723c751e8b465ee728b)  -> (artifact id: 'a859e9684eec4c55ebc3ed1ff2f942a2') in 0.022020 seconds 
========================================================================
Received Import Request.
  Time since last request: 0.000059 seconds.
  path: Assets/Room/textures/floor/Materials/New Material.mat
  artifactKey: Guid(2d975f1a39286d947926da391c00ff67) Importer(815301076,1909f56bfc062723c751e8b465ee728b)
Start importing Assets/Room/textures/floor/Materials/New Material.mat using Guid(2d975f1a39286d947926da391c00ff67) Importer(815301076,1909f56bfc062723c751e8b465ee728b)  -> (artifact id: '17e1a5472d5841994c88589c271d4e45') in 0.008516 seconds 
========================================================================
Received Import Request.
  Time since last request: 20.252146 seconds.
  path: Assets/Room/textures/bookcase/Materials/book-case-9.mat
  artifactKey: Guid(d14ab62025729a14b811c155c96e7d35) Importer(815301076,1909f56bfc062723c751e8b465ee728b)
Start importing Assets/Room/textures/bookcase/Materials/book-case-9.mat using Guid(d14ab62025729a14b811c155c96e7d35) Importer(815301076,1909f56bfc062723c751e8b465ee728b)  -> (artifact id: '1870c08d75ade2c817e2aca29ff3dbac') in 0.015365 seconds 
========================================================================
Received Import Request.
  Time since last request: 13.101177 seconds.
  path: Assets/Room/textures/roofrop/Materials/top_roof_wood_Base_Color.mat
  artifactKey: Guid(213d2d27cdd40ea4f8e96851aa829bcc) Importer(815301076,1909f56bfc062723c751e8b465ee728b)
Start importing Assets/Room/textures/roofrop/Materials/top_roof_wood_Base_Color.mat using Guid(213d2d27cdd40ea4f8e96851aa829bcc) Importer(815301076,1909f56bfc062723c751e8b465ee728b)  -> (artifact id: '1d7a1067b3375538f747c93a24e5df28') in 0.023567 seconds 
========================================================================
Received Import Request.
  Time since last request: 10.923964 seconds.
  path: Assets/Room/textures/wall/Materials/brick_uneven_stones_basecolor.mat
  artifactKey: Guid(33d99c48d0e69de48b360555b2f4170e) Importer(815301076,1909f56bfc062723c751e8b465ee728b)
Start importing Assets/Room/textures/wall/Materials/brick_uneven_stones_basecolor.mat using Guid(33d99c48d0e69de48b360555b2f4170e) Importer(815301076,1909f56bfc062723c751e8b465ee728b)  -> (artifact id: 'ce6441fe4207f195a7f4a1fdaf2740ff') in 0.025514 seconds 
========================================================================
Received Import Request.
  Time since last request: 15.986989 seconds.
  path: Assets/Room/textures/table/Materials/wood the tabel and chaer_Height.mat
  artifactKey: Guid(d41e40b3b496f4c4299d3ee2053942d6) Importer(815301076,1909f56bfc062723c751e8b465ee728b)
Start importing Assets/Room/textures/table/Materials/wood the tabel and chaer_Height.mat using Guid(d41e40b3b496f4c4299d3ee2053942d6) Importer(815301076,1909f56bfc062723c751e8b465ee728b)  -> (artifact id: '27194bc0538a06bab09fa84c506467f3') in 0.009285 seconds 
========================================================================
Received Import Request.
  Time since last request: 36.722167 seconds.
  path: Assets/Room/textures/roofrop/top_roof_wood_Base_Color.png
  artifactKey: Guid(5e7ae7b6d40af8046a4fb91f704fc0f8) Importer(815301076,1909f56bfc062723c751e8b465ee728b)
Start importing Assets/Room/textures/roofrop/top_roof_wood_Base_Color.png using Guid(5e7ae7b6d40af8046a4fb91f704fc0f8) Importer(815301076,1909f56bfc062723c751e8b465ee728b)  -> (artifact id: 'd46921f079415fbe7d8f4d62a7bd14e4') in 0.011924 seconds 
========================================================================
Received Import Request.
  Time since last request: 0.000089 seconds.
  path: Assets/Room/textures/roofrop/top_roof_wood_Normal_DirectX.png
  artifactKey: Guid(9e629a8860d3eff45938e5ae70616c1c) Importer(815301076,1909f56bfc062723c751e8b465ee728b)
Start importing Assets/Room/textures/roofrop/top_roof_wood_Normal_DirectX.png using Guid(9e629a8860d3eff45938e5ae70616c1c) Importer(815301076,1909f56bfc062723c751e8b465ee728b)  -> (artifact id: '0395eb0f17ba90a754a70f9e2c66e857') in 0.008364 seconds 
========================================================================
Received Import Request.
  Time since last request: 0.000060 seconds.
  path: Assets/Room/textures/roofrop/top_roof_wood_Mixed_AO.png
  artifactKey: Guid(3bed35e66ecb78041aa0b96fd6cd774e) Importer(815301076,1909f56bfc062723c751e8b465ee728b)
Start importing Assets/Room/textures/roofrop/top_roof_wood_Mixed_AO.png using Guid(3bed35e66ecb78041aa0b96fd6cd774e) Importer(815301076,1909f56bfc062723c751e8b465ee728b)  -> (artifact id: '27281fcab3e55f512b96ce837ea6b847') in 0.010388 seconds 
========================================================================
Received Import Request.
  Time since last request: 5.162855 seconds.
  path: Assets/Room/textures/roofrop/Materials
  artifactKey: Guid(48c66874548bc3549add6ac84ee81034) Importer(815301076,1909f56bfc062723c751e8b465ee728b)
Start importing Assets/Room/textures/roofrop/Materials using Guid(48c66874548bc3549add6ac84ee81034) Importer(815301076,1909f56bfc062723c751e8b465ee728b)  -> (artifact id: 'a6725f3b7732835fb5acbecc3532042c') in 0.000974 seconds 
========================================================================
Received Import Request.
  Time since last request: 35.493696 seconds.
  path: Assets/Room/Materials/New Material 1.mat
  artifactKey: Guid(ccbc88ad07620428e8b2029e083e9495) Importer(815301076,1909f56bfc062723c751e8b465ee728b)
Start importing Assets/Room/Materials/New Material 1.mat using Guid(ccbc88ad07620428e8b2029e083e9495) Importer(815301076,1909f56bfc062723c751e8b465ee728b)  -> (artifact id: '462558b75dfd98b7614fd4b91182bd97') in 0.004140 seconds 
========================================================================
Received Import Request.
  Time since last request: 21.314539 seconds.
  path: Assets/Room/Materials/welcome sign.mat
  artifactKey: Guid(ccbc88ad07620428e8b2029e083e9495) Importer(815301076,1909f56bfc062723c751e8b465ee728b)
Start importing Assets/Room/Materials/welcome sign.mat using Guid(ccbc88ad07620428e8b2029e083e9495) Importer(815301076,1909f56bfc062723c751e8b465ee728b)  -> (artifact id: '64c8c65a82a692bf06324748ecdae409') in 0.004747 seconds 
========================================================================
Received Import Request.
  Time since last request: 170.248610 seconds.
  path: Assets/Room/Materials/welcome sign.mat
  artifactKey: Guid(ccbc88ad07620428e8b2029e083e9495) Importer(815301076,1909f56bfc062723c751e8b465ee728b)
Start importing Assets/Room/Materials/welcome sign.mat using Guid(ccbc88ad07620428e8b2029e083e9495) Importer(815301076,1909f56bfc062723c751e8b465ee728b)  -> (artifact id: '64663b332486a8885f6404762a846a83') in 0.005210 seconds 
AssetImportWorkerClient::OnTransportError - code=2 error=End of file
